{"timestamp":"2026-06-17 06:34:38.898","level":"INFO","thread":"restartedMain","correlationId":"","logger":"c.d.d.DeliverytechFatApplication","message":"Starting DeliverytechFatApplication using Java 21.0.11 with PID 11116 (C:\Criação\BR\delivery_tech-main\target\classes started by allan in C:\Criação\BR\delivery_tech-main)","exception":""}
{"timestamp":"2026-06-17 06:34:39.064","level":"DEBUG","thread":"restartedMain","correlationId":"","logger":"c.d.d.DeliverytechFatApplication","message":"Running with Spring Boot v3.2.5-SNAPSHOT, Spring v6.1.6","exception":""}
{"timestamp":"2026-06-17 06:34:39.067","level":"INFO","thread":"restartedMain","correlationId":"","logger":"c.d.d.DeliverytechFatApplication","message":"No active profile set, falling back to 1 default profile: "default"","exception":""}
{"timestamp":"2026-06-17 06:34:39.149","level":"INFO","thread":"restartedMain","correlationId":"","logger":"o.s.b.d.e.DevToolsPropertyDefaultsPostProcessor","message":"Devtools property defaults active! Set 'spring.devtools.add-properties' to 'false' to disable","exception":""}
{"timestamp":"2026-06-17 06:34:39.153","level":"INFO","thread":"restartedMain","correlationId":"","logger":"o.s.b.d.e.DevToolsPropertyDefaultsPostProcessor","message":"For additional web related logging consider setting the 'logging.level.web' property to 'DEBUG'","exception":""}
{"timestamp":"2026-06-17 06:34:40.676","level":"INFO","thread":"restartedMain","correlationId":"","logger":"o.s.d.r.c.RepositoryConfigurationDelegate","message":"Multiple Spring Data modules found, entering strict repository configuration mode","exception":""}
{"timestamp":"2026-06-17 06:34:40.679","level":"INFO","thread":"restartedMain","correlationId":"","logger":"o.s.d.r.c.RepositoryConfigurationDelegate","message":"Bootstrapping Spring Data JPA repositories in DEFAULT mode.","exception":""}
{"timestamp":"2026-06-17 06:34:40.875","level":"INFO","thread":"restartedMain","correlationId":"","logger":"o.s.d.r.c.RepositoryConfigurationDelegate","message":"Finished Spring Data repository scanning in 188 ms. Found 5 JPA repository interfaces.","exception":""}
{"timestamp":"2026-06-17 06:34:40.892","level":"INFO","thread":"restartedMain","correlationId":"","logger":"o.s.d.r.c.RepositoryConfigurationDelegate","message":"Multiple Spring Data modules found, entering strict repository configuration mode","exception":""}
{"timestamp":"2026-06-17 06:34:40.893","level":"INFO","thread":"restartedMain","correlationId":"","logger":"o.s.d.r.c.RepositoryConfigurationDelegate","message":"Bootstrapping Spring Data Redis repositories in DEFAULT mode.","exception":""}
{"timestamp":"2026-06-17 06:34:40.912","level":"INFO","thread":"restartedMain","correlationId":"","logger":"o.s.d.r.c.RepositoryConfigurationExtensionSupport","message":"Spring Data Redis - Could not safely identify store assignment for repository candidate interface com.deliverytech.deliverytech_fat.repository.ClienteRepository; If you want this repository to be a Redis repository, consider annotating your entities with one of these annotations: org.springframework.data.redis.core.RedisHash (preferred), or consider extending one of the following types with your repository: org.springframework.data.keyvalue.repository.KeyValueRepository","exception":""}
{"timestamp":"2026-06-17 06:34:40.912","level":"INFO","thread":"restartedMain","correlationId":"","logger":"o.s.d.r.c.RepositoryConfigurationExtensionSupport","message":"Spring Data Redis - Could not safely identify store assignment for repository candidate interface com.deliverytech.deliverytech_fat.repository.PedidoRepository; If you want this repository to be a Redis repository, consider annotating your entities with one of these annotations: org.springframework.data.redis.core.RedisHash (preferred), or consider extending one of the following types with your repository: org.springframework.data.keyvalue.repository.KeyValueRepository","exception":""}
{"timestamp":"2026-06-17 06:34:40.913","level":"INFO","thread":"restartedMain","correlationId":"","logger":"o.s.d.r.c.RepositoryConfigurationExtensionSupport","message":"Spring Data Redis - Could not safely identify store assignment for repository candidate interface com.deliverytech.deliverytech_fat.repository.ProdutoRepository; If you want this repository to be a Redis repository, consider annotating your entities with one of these annotations: org.springframework.data.redis.core.RedisHash (preferred), or consider extending one of the following types with your repository: org.springframework.data.keyvalue.repository.KeyValueRepository","exception":""}
{"timestamp":"2026-06-17 06:34:40.914","level":"INFO","thread":"restartedMain","correlationId":"","logger":"o.s.d.r.c.RepositoryConfigurationExtensionSupport","message":"Spring Data Redis - Could not safely identify store assignment for repository candidate interface com.deliverytech.deliverytech_fat.repository.RestauranteRepository; If you want this repository to be a Redis repository, consider annotating your entities with one of these annotations: org.springframework.data.redis.core.RedisHash (preferred), or consider extending one of the following types with your repository: org.springframework.data.keyvalue.repository.KeyValueRepository","exception":""}
{"timestamp":"2026-06-17 06:34:40.915","level":"INFO","thread":"restartedMain","correlationId":"","logger":"o.s.d.r.c.RepositoryConfigurationExtensionSupport","message":"Spring Data Redis - Could not safely identify store assignment for repository candidate interface com.deliverytech.deliverytech_fat.repository.UsuarioRepository; If you want this repository to be a Redis repository, consider annotating your entities with one of these annotations: org.springframework.data.redis.core.RedisHash (preferred), or consider extending one of the following types with your repository: org.springframework.data.keyvalue.repository.KeyValueRepository","exception":""}
{"timestamp":"2026-06-17 06:34:40.916","level":"INFO","thread":"restartedMain","correlationId":"","logger":"o.s.d.r.c.RepositoryConfigurationDelegate","message":"Finished Spring Data repository scanning in 13 ms. Found 0 Redis repository interfaces.","exception":""}
{"timestamp":"2026-06-17 06:34:42.023","level":"INFO","thread":"restartedMain","correlationId":"","logger":"o.s.b.w.e.tomcat.TomcatWebServer","message":"Tomcat initialized with port 8080 (http)","exception":""}
{"timestamp":"2026-06-17 06:34:42.037","level":"INFO","thread":"restartedMain","correlationId":"","logger":"o.a.coyote.http11.Http11NioProtocol","message":"Initializing ProtocolHandler ["http-nio-8080"]","exception":""}
{"timestamp":"2026-06-17 06:34:42.039","level":"INFO","thread":"restartedMain","correlationId":"","logger":"o.a.catalina.core.StandardService","message":"Starting service [Tomcat]","exception":""}
{"timestamp":"2026-06-17 06:34:42.040","level":"INFO","thread":"restartedMain","correlationId":"","logger":"o.a.catalina.core.StandardEngine","message":"Starting Servlet engine: [Apache Tomcat/10.1.20]","exception":""}
{"timestamp":"2026-06-17 06:34:42.111","level":"INFO","thread":"restartedMain","correlationId":"","logger":"o.a.c.c.C.[Tomcat].[localhost].[/]","message":"Initializing Spring embedded WebApplicationContext","exception":""}
{"timestamp":"2026-06-17 06:34:42.111","level":"INFO","thread":"restartedMain","correlationId":"","logger":"o.s.b.w.s.c.ServletWebServerApplicationContext","message":"Root WebApplicationContext: initialization completed in 2958 ms","exception":""}
{"timestamp":"2026-06-17 06:34:42.517","level":"INFO","thread":"restartedMain","correlationId":"","logger":"com.zaxxer.hikari.HikariDataSource","message":"HikariPool-1 - Starting...","exception":""}
{"timestamp":"2026-06-17 06:34:42.729","level":"INFO","thread":"restartedMain","correlationId":"","logger":"com.zaxxer.hikari.pool.HikariPool","message":"HikariPool-1 - Added connection conn0: url=jdbc:h2:mem:delivery user=SA","exception":""}
{"timestamp":"2026-06-17 06:34:42.732","level":"INFO","thread":"restartedMain","correlationId":"","logger":"com.zaxxer.hikari.HikariDataSource","message":"HikariPool-1 - Start completed.","exception":""}
{"timestamp":"2026-06-17 06:34:42.744","level":"INFO","thread":"restartedMain","correlationId":"","logger":"o.s.b.a.h.H2ConsoleAutoConfiguration","message":"H2 console available at '/h2-console'. Database available at 'jdbc:h2:mem:delivery'","exception":""}
{"timestamp":"2026-06-17 06:34:43.289","level":"INFO","thread":"restartedMain","correlationId":"","logger":"o.s.o.j.p.SpringPersistenceUnitInfo","message":"No LoadTimeWeaver setup: ignoring JPA class transformer","exception":""}
{"timestamp":"2026-06-17 06:34:44.608","level":"INFO","thread":"restartedMain","correlationId":"","logger":"o.s.o.j.LocalContainerEntityManagerFactoryBean","message":"Initialized JPA EntityManagerFactory for persistence unit 'default'","exception":""}
{"timestamp":"2026-06-17 06:34:45.071","level":"DEBUG","thread":"restartedMain","correlationId":"","logger":"c.d.d.s.JwtAuthenticationFilter","message":"Filter 'jwtAuthenticationFilter' configured for use","exception":""}
{"timestamp":"2026-06-17 06:34:45.073","level":"DEBUG","thread":"restartedMain","correlationId":"","logger":"o.s.w.f.ServerHttpObservationFilter","message":"Filter 'webMvcObservationFilter' configured for use","exception":""}
{"timestamp":"2026-06-17 06:34:45.299","level":"INFO","thread":"restartedMain","correlationId":"","logger":"o.s.d.j.r.query.QueryEnhancerFactory","message":"Hibernate is in classpath; If applicable, HQL parser will be used.","exception":""}
{"timestamp":"2026-06-17 06:34:46.808","level":"DEBUG","thread":"restartedMain","correlationId":"","logger":"o.s.w.s.m.m.a.RequestMappingHandlerMapping","message":"37 mappings in 'requestMappingHandlerMapping'","exception":""}
{"timestamp":"2026-06-17 06:34:47.049","level":"DEBUG","thread":"restartedMain","correlationId":"","logger":"o.s.w.s.h.SimpleUrlHandlerMapping","message":"Patterns [/webjars/**, /**, /swagger-ui*/*swagger-initializer.js, /swagger-ui*/**] in 'resourceHandlerMapping'","exception":""}
{"timestamp":"2026-06-17 06:34:47.701","level":"INFO","thread":"restartedMain","correlationId":"","logger":"o.s.b.a.e.web.EndpointLinksResolver","message":"Exposing 14 endpoint(s) beneath base path '/actuator'","exception":""}
{"timestamp":"2026-06-17 06:34:47.847","level":"INFO","thread":"restartedMain","correlationId":"","logger":"o.s.s.web.DefaultSecurityFilterChain","message":"Will secure any request with [org.springframework.security.web.session.DisableEncodeUrlFilter@7d6894fd, org.springframework.security.web.context.request.async.WebAsyncManagerIntegrationFilter@27c54187, org.springframework.security.web.context.SecurityContextHolderFilter@4818b35d, org.springframework.security.web.header.HeaderWriterFilter@48c327ac, org.springframework.web.filter.CorsFilter@67ca2312, org.springframework.security.web.authentication.logout.LogoutFilter@6a1539f, com.deliverytech.deliverytech_fat.security.JwtAuthenticationFilter@34b15498, org.springframework.security.web.savedrequest.RequestCacheAwareFilter@2f537bed, org.springframework.security.web.servletapi.SecurityContextHolderAwareRequestFilter@51b447b1, org.springframework.security.web.authentication.AnonymousAuthenticationFilter@4dfd24d9, org.springframework.security.web.session.SessionManagementFilter@3248096b, org.springframework.security.web.access.ExceptionTranslationFilter@22e0e0be, org.springframework.security.web.access.intercept.AuthorizationFilter@597df1f5]","exception":""}
{"timestamp":"2026-06-17 06:34:48.046","level":"DEBUG","thread":"restartedMain","correlationId":"","logger":"o.s.w.s.m.m.a.RequestMappingHandlerAdapter","message":"ControllerAdvice beans: 0 @ModelAttribute, 0 @InitBinder, 1 RequestBodyAdvice, 1 ResponseBodyAdvice","exception":""}
{"timestamp":"2026-06-17 06:34:48.102","level":"DEBUG","thread":"restartedMain","correlationId":"","logger":"o.s.w.s.m.m.a.ExceptionHandlerExceptionResolver","message":"ControllerAdvice beans: 2 @ExceptionHandler, 1 ResponseBodyAdvice","exception":""}
{"timestamp":"2026-06-17 06:34:48.993","level":"INFO","thread":"restartedMain","correlationId":"","logger":"o.s.b.d.a.OptionalLiveReloadServer","message":"LiveReload server is running on port 35729","exception":""}
{"timestamp":"2026-06-17 06:34:49.091","level":"INFO","thread":"restartedMain","correlationId":"","logger":"o.a.coyote.http11.Http11NioProtocol","message":"Starting ProtocolHandler ["http-nio-8080"]","exception":""}
{"timestamp":"2026-06-17 06:34:49.143","level":"INFO","thread":"restartedMain","correlationId":"","logger":"o.s.b.w.e.tomcat.TomcatWebServer","message":"Tomcat started on port 8080 (http) with context path ''","exception":""}
{"timestamp":"2026-06-17 06:34:49.163","level":"INFO","thread":"restartedMain","correlationId":"","logger":"c.d.d.DeliverytechFatApplication","message":"Started DeliverytechFatApplication in 10.827 seconds (process running for 11.405)","exception":""}
{"timestamp":"2026-06-17 06:36:39.770","level":"INFO","thread":"http-nio-8080-exec-1","correlationId":"","logger":"o.a.c.c.C.[Tomcat].[localhost].[/]","message":"Initializing Spring DispatcherServlet 'dispatcherServlet'","exception":""}
{"timestamp":"2026-06-17 06:36:39.770","level":"INFO","thread":"http-nio-8080-exec-1","correlationId":"","logger":"o.s.web.servlet.DispatcherServlet","message":"Initializing Servlet 'dispatcherServlet'","exception":""}
{"timestamp":"2026-06-17 06:36:39.772","level":"DEBUG","thread":"http-nio-8080-exec-1","correlationId":"","logger":"o.s.web.servlet.DispatcherServlet","message":"Detected StandardServletMultipartResolver","exception":""}
{"timestamp":"2026-06-17 06:36:39.777","level":"DEBUG","thread":"http-nio-8080-exec-1","correlationId":"","logger":"o.s.web.servlet.DispatcherServlet","message":"Detected AcceptHeaderLocaleResolver","exception":""}
{"timestamp":"2026-06-17 06:36:39.777","level":"DEBUG","thread":"http-nio-8080-exec-1","correlationId":"","logger":"o.s.web.servlet.DispatcherServlet","message":"Detected FixedThemeResolver","exception":""}
{"timestamp":"2026-06-17 06:36:39.779","level":"DEBUG","thread":"http-nio-8080-exec-1","correlationId":"","logger":"o.s.web.servlet.DispatcherServlet","message":"Detected org.springframework.web.servlet.view.DefaultRequestToViewNameTranslator@5c8ad729","exception":""}
{"timestamp":"2026-06-17 06:36:39.780","level":"DEBUG","thread":"http-nio-8080-exec-1","correlationId":"","logger":"o.s.web.servlet.DispatcherServlet","message":"Detected org.springframework.web.servlet.support.SessionFlashMapManager@43d404b9","exception":""}
{"timestamp":"2026-06-17 06:36:39.782","level":"DEBUG","thread":"http-nio-8080-exec-1","correlationId":"","logger":"o.s.web.servlet.DispatcherServlet","message":"enableLoggingRequestDetails='false': request parameters and headers will be masked to prevent unsafe logging of potentially sensitive data","exception":""}
{"timestamp":"2026-06-17 06:36:39.786","level":"INFO","thread":"http-nio-8080-exec-1","correlationId":"","logger":"o.s.web.servlet.DispatcherServlet","message":"Completed initialization in 14 ms","exception":""}
{"timestamp":"2026-06-17 06:36:39.825","level":"DEBUG","thread":"http-nio-8080-exec-1","correlationId":"","logger":"o.s.security.web.FilterChainProxy","message":"Securing GET /swagger-ui/index.html","exception":""}
{"timestamp":"2026-06-17 06:36:39.840","level":"WARN","thread":"http-nio-8080-exec-1","correlationId":"","logger":"c.d.d.s.JwtAuthenticationFilter","message":"JWT Token não começa com Bearer String","exception":""}
{"timestamp":"2026-06-17 06:36:39.842","level":"DEBUG","thread":"http-nio-8080-exec-1","correlationId":"","logger":"o.s.s.w.a.AnonymousAuthenticationFilter","message":"Set SecurityContextHolder to anonymous SecurityContext","exception":""}
{"timestamp":"2026-06-17 06:36:39.859","level":"DEBUG","thread":"http-nio-8080-exec-1","correlationId":"","logger":"o.s.security.web.FilterChainProxy","message":"Secured GET /swagger-ui/index.html","exception":""}
{"timestamp":"2026-06-17 06:36:39.874","level":"DEBUG","thread":"http-nio-8080-exec-1","correlationId":"d6d1ccc2365c4874","logger":"o.s.web.servlet.DispatcherServlet","message":"GET "/swagger-ui/index.html", parameters={}","exception":""}
{"timestamp":"2026-06-17 06:36:39.877","level":"DEBUG","thread":"http-nio-8080-exec-1","correlationId":"d6d1ccc2365c4874","logger":"o.s.w.s.h.SimpleUrlHandlerMapping","message":"Mapped to ResourceHttpRequestHandler [classpath [META-INF/resources/webjars/]]","exception":""}
{"timestamp":"2026-06-17 06:36:39.909","level":"DEBUG","thread":"http-nio-8080-exec-1","correlationId":"d6d1ccc2365c4874","logger":"o.s.web.servlet.DispatcherServlet","message":"Completed 200 OK","exception":""}
{"timestamp":"2026-06-17 06:36:39.922","level":"DEBUG","thread":"http-nio-8080-exec-2","correlationId":"","logger":"o.s.security.web.FilterChainProxy","message":"Securing GET /swagger-ui/index.css","exception":""}
{"timestamp":"2026-06-17 06:36:39.922","level":"DEBUG","thread":"http-nio-8080-exec-3","correlationId":"","logger":"o.s.security.web.FilterChainProxy","message":"Securing GET /swagger-ui/swagger-ui.css","exception":""}
{"timestamp":"2026-06-17 06:36:39.923","level":"DEBUG","thread":"http-nio-8080-exec-4","correlationId":"","logger":"o.s.security.web.FilterChainProxy","message":"Securing GET /swagger-ui/swagger-ui-bundle.js","exception":""}
{"timestamp":"2026-06-17 06:36:39.925","level":"WARN","thread":"http-nio-8080-exec-2","correlationId":"","logger":"c.d.d.s.JwtAuthenticationFilter","message":"JWT Token não começa com Bearer String","exception":""}
{"timestamp":"2026-06-17 06:36:39.925","level":"WARN","thread":"http-nio-8080-exec-3","correlationId":"","logger":"c.d.d.s.JwtAuthenticationFilter","message":"JWT Token não começa com Bearer String","exception":""}
{"timestamp":"2026-06-17 06:36:39.925","level":"WARN","thread":"http-nio-8080-exec-4","correlationId":"","logger":"c.d.d.s.JwtAuthenticationFilter","message":"JWT Token não começa com Bearer String","exception":""}
{"timestamp":"2026-06-17 06:36:39.926","level":"DEBUG","thread":"http-nio-8080-exec-2","correlationId":"","logger":"o.s.s.w.a.AnonymousAuthenticationFilter","message":"Set SecurityContextHolder to anonymous SecurityContext","exception":""}
{"timestamp":"2026-06-17 06:36:39.926","level":"DEBUG","thread":"http-nio-8080-exec-3","correlationId":"","logger":"o.s.s.w.a.AnonymousAuthenticationFilter","message":"Set SecurityContextHolder to anonymous SecurityContext","exception":""}
{"timestamp":"2026-06-17 06:36:39.927","level":"DEBUG","thread":"http-nio-8080-exec-4","correlationId":"","logger":"o.s.s.w.a.AnonymousAuthenticationFilter","message":"Set SecurityContextHolder to anonymous SecurityContext","exception":""}
{"timestamp":"2026-06-17 06:36:39.929","level":"DEBUG","thread":"http-nio-8080-exec-3","correlationId":"","logger":"o.s.security.web.FilterChainProxy","message":"Secured GET /swagger-ui/swagger-ui.css","exception":""}
{"timestamp":"2026-06-17 06:36:39.929","level":"DEBUG","thread":"http-nio-8080-exec-2","correlationId":"","logger":"o.s.security.web.FilterChainProxy","message":"Secured GET /swagger-ui/index.css","exception":""}
{"timestamp":"2026-06-17 06:36:39.930","level":"DEBUG","thread":"http-nio-8080-exec-4","correlationId":"","logger":"o.s.security.web.FilterChainProxy","message":"Secured GET /swagger-ui/swagger-ui-bundle.js","exception":""}
{"timestamp":"2026-06-17 06:36:39.930","level":"DEBUG","thread":"http-nio-8080-exec-3","correlationId":"a04b3445f9944c7d","logger":"o.s.web.servlet.DispatcherServlet","message":"GET "/swagger-ui/swagger-ui.css", parameters={}","exception":""}
{"timestamp":"2026-06-17 06:36:39.931","level":"DEBUG","thread":"http-nio-8080-exec-2","correlationId":"845e32018fc94cde","logger":"o.s.web.servlet.DispatcherServlet","message":"GET "/swagger-ui/index.css", parameters={}","exception":""}
{"timestamp":"2026-06-17 06:36:39.931","level":"DEBUG","thread":"http-nio-8080-exec-4","correlationId":"24ccb7fbc6af4692","logger":"o.s.web.servlet.DispatcherServlet","message":"GET "/swagger-ui/swagger-ui-bundle.js", parameters={}","exception":""}
{"timestamp":"2026-06-17 06:36:39.932","level":"DEBUG","thread":"http-nio-8080-exec-3","correlationId":"a04b3445f9944c7d","logger":"o.s.w.s.h.SimpleUrlHandlerMapping","message":"Mapped to ResourceHttpRequestHandler [classpath [META-INF/resources/webjars/]]","exception":""}
{"timestamp":"2026-06-17 06:36:39.933","level":"DEBUG","thread":"http-nio-8080-exec-2","correlationId":"845e32018fc94cde","logger":"o.s.w.s.h.SimpleUrlHandlerMapping","message":"Mapped to ResourceHttpRequestHandler [classpath [META-INF/resources/webjars/]]","exception":""}
{"timestamp":"2026-06-17 06:36:39.934","level":"DEBUG","thread":"http-nio-8080-exec-4","correlationId":"24ccb7fbc6af4692","logger":"o.s.w.s.h.SimpleUrlHandlerMapping","message":"Mapped to ResourceHttpRequestHandler [classpath [META-INF/resources/webjars/]]","exception":""}
{"timestamp":"2026-06-17 06:36:39.937","level":"DEBUG","thread":"http-nio-8080-exec-2","correlationId":"845e32018fc94cde","logger":"o.s.web.servlet.DispatcherServlet","message":"Completed 200 OK","exception":""}
{"timestamp":"2026-06-17 06:36:39.938","level":"DEBUG","thread":"http-nio-8080-exec-3","correlationId":"a04b3445f9944c7d","logger":"o.s.web.servlet.DispatcherServlet","message":"Completed 200 OK","exception":""}
{"timestamp":"2026-06-17 06:36:39.955","level":"DEBUG","thread":"http-nio-8080-exec-4","correlationId":"24ccb7fbc6af4692","logger":"o.s.web.servlet.DispatcherServlet","message":"Completed 200 OK","exception":""}
{"timestamp":"2026-06-17 06:36:40.267","level":"DEBUG","thread":"http-nio-8080-exec-5","correlationId":"","logger":"o.s.security.web.FilterChainProxy","message":"Securing GET /swagger-ui/swagger-ui-standalone-preset.js","exception":""}
{"timestamp":"2026-06-17 06:36:40.269","level":"WARN","thread":"http-nio-8080-exec-5","correlationId":"","logger":"c.d.d.s.JwtAuthenticationFilter","message":"JWT Token não começa com Bearer String","exception":""}
{"timestamp":"2026-06-17 06:36:40.271","level":"DEBUG","thread":"http-nio-8080-exec-7","correlationId":"","logger":"o.s.security.web.FilterChainProxy","message":"Securing GET /swagger-ui/swagger-initializer.js","exception":""}
{"timestamp":"2026-06-17 06:36:40.276","level":"DEBUG","thread":"http-nio-8080-exec-5","correlationId":"","logger":"o.s.s.w.a.AnonymousAuthenticationFilter","message":"Set SecurityContextHolder to anonymous SecurityContext","exception":""}
{"timestamp":"2026-06-17 06:36:40.277","level":"WARN","thread":"http-nio-8080-exec-7","correlationId":"","logger":"c.d.d.s.JwtAuthenticationFilter","message":"JWT Token não começa com Bearer String","exception":""}
{"timestamp":"2026-06-17 06:36:40.278","level":"DEBUG","thread":"http-nio-8080-exec-7","correlationId":"","logger":"o.s.s.w.a.AnonymousAuthenticationFilter","message":"Set SecurityContextHolder to anonymous SecurityContext","exception":""}
{"timestamp":"2026-06-17 06:36:40.278","level":"DEBUG","thread":"http-nio-8080-exec-5","correlationId":"","logger":"o.s.security.web.FilterChainProxy","message":"Secured GET /swagger-ui/swagger-ui-standalone-preset.js","exception":""}
{"timestamp":"2026-06-17 06:36:40.279","level":"DEBUG","thread":"http-nio-8080-exec-5","correlationId":"6e8d411448d843e1","logger":"o.s.web.servlet.DispatcherServlet","message":"GET "/swagger-ui/swagger-ui-standalone-preset.js", parameters={}","exception":""}
{"timestamp":"2026-06-17 06:36:40.280","level":"DEBUG","thread":"http-nio-8080-exec-7","correlationId":"","logger":"o.s.security.web.FilterChainProxy","message":"Secured GET /swagger-ui/swagger-initializer.js","exception":""}
{"timestamp":"2026-06-17 06:36:40.281","level":"DEBUG","thread":"http-nio-8080-exec-5","correlationId":"6e8d411448d843e1","logger":"o.s.w.s.h.SimpleUrlHandlerMapping","message":"Mapped to ResourceHttpRequestHandler [classpath [META-INF/resources/webjars/]]","exception":""}
{"timestamp":"2026-06-17 06:36:40.281","level":"DEBUG","thread":"http-nio-8080-exec-7","correlationId":"b9bb00b65f3c4725","logger":"o.s.web.servlet.DispatcherServlet","message":"GET "/swagger-ui/swagger-initializer.js", parameters={}","exception":""}
{"timestamp":"2026-06-17 06:36:40.282","level":"DEBUG","thread":"http-nio-8080-exec-7","correlationId":"b9bb00b65f3c4725","logger":"o.s.w.s.h.SimpleUrlHandlerMapping","message":"Mapped to ResourceHttpRequestHandler [classpath [META-INF/resources/webjars/]]","exception":""}
{"timestamp":"2026-06-17 06:36:40.288","level":"DEBUG","thread":"http-nio-8080-exec-5","correlationId":"6e8d411448d843e1","logger":"o.s.web.servlet.DispatcherServlet","message":"Completed 200 OK","exception":""}
{"timestamp":"2026-06-17 06:36:40.366","level":"DEBUG","thread":"http-nio-8080-exec-7","correlationId":"b9bb00b65f3c4725","logger":"o.s.web.servlet.DispatcherServlet","message":"Completed 200 OK","exception":""}
{"timestamp":"2026-06-17 06:36:40.476","level":"DEBUG","thread":"http-nio-8080-exec-6","correlationId":"","logger":"o.s.security.web.FilterChainProxy","message":"Securing GET /v3/api-docs/swagger-config","exception":""}
{"timestamp":"2026-06-17 06:36:40.479","level":"DEBUG","thread":"http-nio-8080-exec-10","correlationId":"","logger":"o.s.security.web.FilterChainProxy","message":"Securing GET /swagger-ui/favicon-32x32.png","exception":""}
{"timestamp":"2026-06-17 06:36:40.480","level":"WARN","thread":"http-nio-8080-exec-6","correlationId":"","logger":"c.d.d.s.JwtAuthenticationFilter","message":"JWT Token não começa com Bearer String","exception":""}
{"timestamp":"2026-06-17 06:36:40.482","level":"WARN","thread":"http-nio-8080-exec-10","correlationId":"","logger":"c.d.d.s.JwtAuthenticationFilter","message":"JWT Token não começa com Bearer String","exception":""}
{"timestamp":"2026-06-17 06:36:40.488","level":"DEBUG","thread":"http-nio-8080-exec-6","correlationId":"","logger":"o.s.s.w.a.AnonymousAuthenticationFilter","message":"Set SecurityContextHolder to anonymous SecurityContext","exception":""}
{"timestamp":"2026-06-17 06:36:40.488","level":"DEBUG","thread":"http-nio-8080-exec-10","correlationId":"","logger":"o.s.s.w.a.AnonymousAuthenticationFilter","message":"Set SecurityContextHolder to anonymous SecurityContext","exception":""}
{"timestamp":"2026-06-17 06:36:40.492","level":"DEBUG","thread":"http-nio-8080-exec-6","correlationId":"","logger":"o.s.security.web.FilterChainProxy","message":"Secured GET /v3/api-docs/swagger-config","exception":""}
{"timestamp":"2026-06-17 06:36:40.492","level":"DEBUG","thread":"http-nio-8080-exec-10","correlationId":"","logger":"o.s.security.web.FilterChainProxy","message":"Secured GET /swagger-ui/favicon-32x32.png","exception":""}
{"timestamp":"2026-06-17 06:36:40.500","level":"DEBUG","thread":"http-nio-8080-exec-6","correlationId":"07fb0dd831be40a1","logger":"o.s.web.servlet.DispatcherServlet","message":"GET "/v3/api-docs/swagger-config", parameters={}","exception":""}
{"timestamp":"2026-06-17 06:36:40.500","level":"DEBUG","thread":"http-nio-8080-exec-10","correlationId":"4c6f06a9c7cb4604","logger":"o.s.web.servlet.DispatcherServlet","message":"GET "/swagger-ui/favicon-32x32.png", parameters={}","exception":""}
{"timestamp":"2026-06-17 06:36:40.501","level":"DEBUG","thread":"http-nio-8080-exec-6","correlationId":"07fb0dd831be40a1","logger":"o.s.w.s.m.m.a.RequestMappingHandlerMapping","message":"Mapped to org.springdoc.webmvc.ui.SwaggerConfigResource#openapiJson(HttpServletRequest)","exception":""}
{"timestamp":"2026-06-17 06:36:40.502","level":"DEBUG","thread":"http-nio-8080-exec-10","correlationId":"4c6f06a9c7cb4604","logger":"o.s.w.s.h.SimpleUrlHandlerMapping","message":"Mapped to ResourceHttpRequestHandler [classpath [META-INF/resources/webjars/]]","exception":""}
{"timestamp":"2026-06-17 06:36:40.505","level":"DEBUG","thread":"http-nio-8080-exec-10","correlationId":"4c6f06a9c7cb4604","logger":"o.s.web.servlet.DispatcherServlet","message":"Completed 200 OK","exception":""}
{"timestamp":"2026-06-17 06:36:40.524","level":"DEBUG","thread":"http-nio-8080-exec-6","correlationId":"07fb0dd831be40a1","logger":"o.s.w.s.m.m.a.RequestResponseBodyMethodProcessor","message":"Using 'application/json', given [*/*] and supported [application/json]","exception":""}
{"timestamp":"2026-06-17 06:36:40.527","level":"DEBUG","thread":"http-nio-8080-exec-6","correlationId":"07fb0dd831be40a1","logger":"o.s.w.s.m.m.a.RequestResponseBodyMethodProcessor","message":"Writing [{configUrl=/v3/api-docs/swagger-config, oauth2RedirectUrl=http://localhost:8080/swagger-ui/oauth2-re (truncated)...]","exception":""}
{"timestamp":"2026-06-17 06:36:40.536","level":"DEBUG","thread":"http-nio-8080-exec-6","correlationId":"07fb0dd831be40a1","logger":"o.s.web.servlet.DispatcherServlet","message":"Completed 200 OK","exception":""}
{"timestamp":"2026-06-17 06:36:40.568","level":"DEBUG","thread":"http-nio-8080-exec-9","correlationId":"","logger":"o.s.security.web.FilterChainProxy","message":"Securing GET /v3/api-docs","exception":""}
{"timestamp":"2026-06-17 06:36:40.569","level":"WARN","thread":"http-nio-8080-exec-9","correlationId":"","logger":"c.d.d.s.JwtAuthenticationFilter","message":"JWT Token não começa com Bearer String","exception":""}
{"timestamp":"2026-06-17 06:36:40.572","level":"DEBUG","thread":"http-nio-8080-exec-9","correlationId":"","logger":"o.s.s.w.a.AnonymousAuthenticationFilter","message":"Set SecurityContextHolder to anonymous SecurityContext","exception":""}
{"timestamp":"2026-06-17 06:36:40.578","level":"DEBUG","thread":"http-nio-8080-exec-9","correlationId":"","logger":"o.s.security.web.FilterChainProxy","message":"Secured GET /v3/api-docs","exception":""}
{"timestamp":"2026-06-17 06:36:40.580","level":"DEBUG","thread":"http-nio-8080-exec-9","correlationId":"8a545cd4d5a74f45","logger":"o.s.web.servlet.DispatcherServlet","message":"GET "/v3/api-docs", parameters={}","exception":""}
{"timestamp":"2026-06-17 06:36:40.583","level":"DEBUG","thread":"http-nio-8080-exec-9","correlationId":"8a545cd4d5a74f45","logger":"o.s.w.s.m.m.a.RequestMappingHandlerMapping","message":"Mapped to org.springdoc.webmvc.api.OpenApiWebMvcResource#openapiJson(HttpServletRequest, String, Locale)","exception":""}
{"timestamp":"2026-06-17 06:36:40.919","level":"DEBUG","thread":"AsyncReporter{org.springframework.boot.actuate.autoconfigure.tracing.zipkin.ZipkinRestTemplateSender@58058586}","correlationId":"","logger":"o.s.web.client.RestTemplate","message":"HTTP POST http://localhost:9411/api/v2/spans","exception":""}
{"timestamp":"2026-06-17 06:36:40.932","level":"DEBUG","thread":"AsyncReporter{org.springframework.boot.actuate.autoconfigure.tracing.zipkin.ZipkinRestTemplateSender@58058586}","correlationId":"","logger":"o.s.web.client.RestTemplate","message":"Accept=[application/json, application/*+json]","exception":""}
{"timestamp":"2026-06-17 06:36:40.933","level":"DEBUG","thread":"AsyncReporter{org.springframework.boot.actuate.autoconfigure.tracing.zipkin.ZipkinRestTemplateSender@58058586}","correlationId":"","logger":"o.s.web.client.RestTemplate","message":"Writing [[B@6a98786d] as "application/json"","exception":""}
{"timestamp":"2026-06-17 06:36:41.019","level":"WARN","thread":"AsyncReporter{org.springframework.boot.actuate.autoconfigure.tracing.zipkin.ZipkinRestTemplateSender@58058586}","correlationId":"","logger":"z.r.AsyncReporter$BoundedAsyncReporter","message":"Spans were dropped due to exceptions. All subsequent errors will be logged at FINE level.","exception":""}
{"timestamp":"2026-06-17 06:36:41.019","level":"WARN","thread":"AsyncReporter{org.springframework.boot.actuate.autoconfigure.tracing.zipkin.ZipkinRestTemplateSender@58058586}","correlationId":"","logger":"z.r.AsyncReporter$BoundedAsyncReporter","message":"Dropped 42 spans due to ResourceAccessException(I/O error on POST request for "http://localhost:9411/api/v2/spans": Connection refused: getsockopt)","exception":"org.springframework.web.client.ResourceAccessException: I/O error on POST request for "http://localhost:9411/api/v2/spans": Connection refused: getsockopt
	at org.springframework.web.client.RestTemplate.createResourceAccessException(RestTemplate.java:915)
	at org.springframework.web.client.RestTemplate.doExecute(RestTemplate.java:895)
	at org.springframework.web.client.RestTemplate.execute(RestTemplate.java:790)
	at org.springframework.web.client.RestTemplate.exchange(RestTemplate.java:672)
	at org.springframework.boot.actuate.autoconfigure.tracing.zipkin.ZipkinRestTemplateSender$RestTemplateHttpPostCall.doExecute(ZipkinRestTemplateSender.java:68)
	at org.springframework.boot.actuate.autoconfigure.tracing.zipkin.ZipkinRestTemplateSender$RestTemplateHttpPostCall.doExecute(ZipkinRestTemplateSender.java:48)
	at zipkin2.Call$Base.execute(Call.java:391)
	at zipkin2.reporter.AsyncReporter$BoundedAsyncReporter.flush(AsyncReporter.java:299)
	at zipkin2.reporter.AsyncReporter$Flusher.run(AsyncReporter.java:378)
	at java.base/java.lang.Thread.run(Thread.java:1583)
Caused by: java.net.ConnectException: Connection refused: getsockopt
	at java.base/sun.nio.ch.Net.pollConnect(Native Method)
	at java.base/sun.nio.ch.Net.pollConnectNow(Net.java:690)
	at java.base/sun.nio.ch.NioSocketImpl.timedFinishConnect(NioSocketImpl.java:542)
	at java.base/sun.nio.ch.NioSocketImpl.connect(NioSocketImpl.java:592)
	at java.base/java.net.Socket.connect(Socket.java:751)
	at java.base/sun.net.NetworkClient.doConnect(NetworkClient.java:178)
	at java.base/sun.net.www.http.HttpClient.openServer(HttpClient.java:531)
	at java.base/sun.net.www.http.HttpClient.openServer(HttpClient.java:636)
	at java.base/sun.net.www.http.HttpClient.<init>(HttpClient.java:282)
	at java.base/sun.net.www.http.HttpClient.New(HttpClient.java:386)
	at java.base/sun.net.www.http.HttpClient.New(HttpClient.java:408)
	at java.base/sun.net.www.protocol.http.HttpURLConnection.getNewHttpClient(HttpURLConnection.java:1320)
	at java.base/sun.net.www.protocol.http.HttpURLConnection.plainConnect0(HttpURLConnection.java:1253)
	at java.base/sun.net.www.protocol.http.HttpURLConnection.plainConnect(HttpURLConnection.java:1139)
	at java.base/sun.net.www.protocol.http.HttpURLConnection.connect(HttpURLConnection.java:1068)
	at org.springframework.http.client.SimpleClientHttpRequest.executeInternal(SimpleClientHttpRequest.java:79)
	at org.springframework.http.client.AbstractStreamingClientHttpRequest.executeInternal(AbstractStreamingClientHttpRequest.java:70)
	at org.springframework.http.client.AbstractClientHttpRequest.execute(AbstractClientHttpRequest.java:66)
	at org.springframework.web.client.RestTemplate.doExecute(RestTemplate.java:889)
	... 8 common frames omitted
"}
{"timestamp":"2026-06-17 06:36:41.432","level":"INFO","thread":"http-nio-8080-exec-9","correlationId":"8a545cd4d5a74f45","logger":"o.s.api.AbstractOpenApiResource","message":"Init duration for springdoc-openapi is: 831 ms","exception":""}
{"timestamp":"2026-06-17 06:36:41.453","level":"DEBUG","thread":"http-nio-8080-exec-9","correlationId":"8a545cd4d5a74f45","logger":"o.s.w.s.m.m.a.RequestResponseBodyMethodProcessor","message":"Using 'application/json', given [application/json, */*] and supported [application/json]","exception":""}
{"timestamp":"2026-06-17 06:36:41.457","level":"DEBUG","thread":"http-nio-8080-exec-9","correlationId":"8a545cd4d5a74f45","logger":"o.s.w.s.m.m.a.RequestResponseBodyMethodProcessor","message":"Writing [{123, 34, 111, 112, 101, 110, 97, 112, 105, 34, 58, 34, 51, 46, 48, 46, 49, 34, 44, 34, 105, 110, 10 (truncated)...]","exception":""}
{"timestamp":"2026-06-17 06:36:41.459","level":"DEBUG","thread":"http-nio-8080-exec-9","correlationId":"8a545cd4d5a74f45","logger":"o.s.web.servlet.DispatcherServlet","message":"Completed 200 OK","exception":""}
{"timestamp":"2026-06-17 06:36:42.028","level":"DEBUG","thread":"AsyncReporter{org.springframework.boot.actuate.autoconfigure.tracing.zipkin.ZipkinRestTemplateSender@58058586}","correlationId":"","logger":"o.s.web.client.RestTemplate","message":"HTTP POST http://localhost:9411/api/v2/spans","exception":""}
{"timestamp":"2026-06-17 06:36:42.029","level":"DEBUG","thread":"AsyncReporter{org.springframework.boot.actuate.autoconfigure.tracing.zipkin.ZipkinRestTemplateSender@58058586}","correlationId":"","logger":"o.s.web.client.RestTemplate","message":"Accept=[application/json, application/*+json]","exception":""}
{"timestamp":"2026-06-17 06:36:42.033","level":"DEBUG","thread":"AsyncReporter{org.springframework.boot.actuate.autoconfigure.tracing.zipkin.ZipkinRestTemplateSender@58058586}","correlationId":"","logger":"o.s.web.client.RestTemplate","message":"Writing [[B@56dfc2a] as "application/json"","exception":""}
{"timestamp":"2026-06-17 06:47:07.500","level":"DEBUG","thread":"http-nio-8080-exec-3","correlationId":"","logger":"o.s.security.web.FilterChainProxy","message":"Securing GET /swagger-ui/index.html","exception":""}
{"timestamp":"2026-06-17 06:47:07.502","level":"WARN","thread":"http-nio-8080-exec-3","correlationId":"","logger":"c.d.d.s.JwtAuthenticationFilter","message":"JWT Token não começa com Bearer String","exception":""}
{"timestamp":"2026-06-17 06:47:07.504","level":"DEBUG","thread":"http-nio-8080-exec-3","correlationId":"","logger":"o.s.s.w.a.AnonymousAuthenticationFilter","message":"Set SecurityContextHolder to anonymous SecurityContext","exception":""}
{"timestamp":"2026-06-17 06:47:07.510","level":"DEBUG","thread":"http-nio-8080-exec-3","correlationId":"","logger":"o.s.security.web.FilterChainProxy","message":"Secured GET /swagger-ui/index.html","exception":""}
{"timestamp":"2026-06-17 06:47:07.511","level":"DEBUG","thread":"http-nio-8080-exec-3","correlationId":"bb046c8841df4cd5","logger":"o.s.web.servlet.DispatcherServlet","message":"GET "/swagger-ui/index.html", parameters={}","exception":""}
{"timestamp":"2026-06-17 06:47:07.513","level":"DEBUG","thread":"http-nio-8080-exec-3","correlationId":"bb046c8841df4cd5","logger":"o.s.w.s.h.SimpleUrlHandlerMapping","message":"Mapped to ResourceHttpRequestHandler [classpath [META-INF/resources/webjars/]]","exception":""}
{"timestamp":"2026-06-17 06:47:07.525","level":"DEBUG","thread":"http-nio-8080-exec-3","correlationId":"bb046c8841df4cd5","logger":"o.s.web.servlet.DispatcherServlet","message":"Completed 200 OK","exception":""}
{"timestamp":"2026-06-17 06:47:07.561","level":"DEBUG","thread":"AsyncReporter{org.springframework.boot.actuate.autoconfigure.tracing.zipkin.ZipkinRestTemplateSender@58058586}","correlationId":"","logger":"o.s.web.client.RestTemplate","message":"HTTP POST http://localhost:9411/api/v2/spans","exception":""}
{"timestamp":"2026-06-17 06:47:07.562","level":"DEBUG","thread":"AsyncReporter{org.springframework.boot.actuate.autoconfigure.tracing.zipkin.ZipkinRestTemplateSender@58058586}","correlationId":"","logger":"o.s.web.client.RestTemplate","message":"Accept=[application/json, application/*+json]","exception":""}
{"timestamp":"2026-06-17 06:47:07.564","level":"DEBUG","thread":"AsyncReporter{org.springframework.boot.actuate.autoconfigure.tracing.zipkin.ZipkinRestTemplateSender@58058586}","correlationId":"","logger":"o.s.web.client.RestTemplate","message":"Writing [[B@24daa69e] as "application/json"","exception":""}
{"timestamp":"2026-06-17 06:47:07.570","level":"DEBUG","thread":"http-nio-8080-exec-4","correlationId":"","logger":"o.s.security.web.FilterChainProxy","message":"Securing GET /swagger-ui/swagger-ui.css","exception":""}
{"timestamp":"2026-06-17 06:47:07.572","level":"WARN","thread":"http-nio-8080-exec-4","correlationId":"","logger":"c.d.d.s.JwtAuthenticationFilter","message":"JWT Token não começa com Bearer String","exception":""}
{"timestamp":"2026-06-17 06:47:07.572","level":"DEBUG","thread":"http-nio-8080-exec-4","correlationId":"","logger":"o.s.s.w.a.AnonymousAuthenticationFilter","message":"Set SecurityContextHolder to anonymous SecurityContext","exception":""}
{"timestamp":"2026-06-17 06:47:07.575","level":"DEBUG","thread":"http-nio-8080-exec-4","correlationId":"","logger":"o.s.security.web.FilterChainProxy","message":"Secured GET /swagger-ui/swagger-ui.css","exception":""}
{"timestamp":"2026-06-17 06:47:07.575","level":"DEBUG","thread":"http-nio-8080-exec-4","correlationId":"97c1b473ef3f49a4","logger":"o.s.web.servlet.DispatcherServlet","message":"GET "/swagger-ui/swagger-ui.css", parameters={}","exception":""}
{"timestamp":"2026-06-17 06:47:07.576","level":"DEBUG","thread":"http-nio-8080-exec-4","correlationId":"97c1b473ef3f49a4","logger":"o.s.w.s.h.SimpleUrlHandlerMapping","message":"Mapped to ResourceHttpRequestHandler [classpath [META-INF/resources/webjars/]]","exception":""}
{"timestamp":"2026-06-17 06:47:07.584","level":"DEBUG","thread":"http-nio-8080-exec-4","correlationId":"97c1b473ef3f49a4","logger":"o.s.web.servlet.DispatcherServlet","message":"Completed 200 OK","exception":""}
{"timestamp":"2026-06-17 06:47:07.644","level":"DEBUG","thread":"http-nio-8080-exec-5","correlationId":"","logger":"o.s.security.web.FilterChainProxy","message":"Securing GET /swagger-ui/index.css","exception":""}
{"timestamp":"2026-06-17 06:47:07.644","level":"DEBUG","thread":"http-nio-8080-exec-7","correlationId":"","logger":"o.s.security.web.FilterChainProxy","message":"Securing GET /swagger-ui/swagger-ui-bundle.js","exception":""}
{"timestamp":"2026-06-17 06:47:07.645","level":"WARN","thread":"http-nio-8080-exec-5","correlationId":"","logger":"c.d.d.s.JwtAuthenticationFilter","message":"JWT Token não começa com Bearer String","exception":""}
{"timestamp":"2026-06-17 06:47:07.648","level":"DEBUG","thread":"http-nio-8080-exec-5","correlationId":"","logger":"o.s.s.w.a.AnonymousAuthenticationFilter","message":"Set SecurityContextHolder to anonymous SecurityContext","exception":""}
{"timestamp":"2026-06-17 06:47:07.648","level":"WARN","thread":"http-nio-8080-exec-7","correlationId":"","logger":"c.d.d.s.JwtAuthenticationFilter","message":"JWT Token não começa com Bearer String","exception":""}
{"timestamp":"2026-06-17 06:47:07.654","level":"DEBUG","thread":"http-nio-8080-exec-7","correlationId":"","logger":"o.s.s.w.a.AnonymousAuthenticationFilter","message":"Set SecurityContextHolder to anonymous SecurityContext","exception":""}
{"timestamp":"2026-06-17 06:47:07.655","level":"DEBUG","thread":"http-nio-8080-exec-5","correlationId":"","logger":"o.s.security.web.FilterChainProxy","message":"Secured GET /swagger-ui/index.css","exception":""}
{"timestamp":"2026-06-17 06:47:07.655","level":"DEBUG","thread":"http-nio-8080-exec-5","correlationId":"3dc33ae9ac9a4d4b","logger":"o.s.web.servlet.DispatcherServlet","message":"GET "/swagger-ui/index.css", parameters={}","exception":""}
{"timestamp":"2026-06-17 06:47:07.656","level":"DEBUG","thread":"http-nio-8080-exec-7","correlationId":"","logger":"o.s.security.web.FilterChainProxy","message":"Secured GET /swagger-ui/swagger-ui-bundle.js","exception":""}
{"timestamp":"2026-06-17 06:47:07.656","level":"DEBUG","thread":"http-nio-8080-exec-5","correlationId":"3dc33ae9ac9a4d4b","logger":"o.s.w.s.h.SimpleUrlHandlerMapping","message":"Mapped to ResourceHttpRequestHandler [classpath [META-INF/resources/webjars/]]","exception":""}
{"timestamp":"2026-06-17 06:47:07.659","level":"DEBUG","thread":"http-nio-8080-exec-7","correlationId":"4ebeb185e7fb429b","logger":"o.s.web.servlet.DispatcherServlet","message":"GET "/swagger-ui/swagger-ui-bundle.js", parameters={}","exception":""}
{"timestamp":"2026-06-17 06:47:07.666","level":"DEBUG","thread":"http-nio-8080-exec-7","correlationId":"4ebeb185e7fb429b","logger":"o.s.w.s.h.SimpleUrlHandlerMapping","message":"Mapped to ResourceHttpRequestHandler [classpath [META-INF/resources/webjars/]]","exception":""}
{"timestamp":"2026-06-17 06:47:07.668","level":"DEBUG","thread":"http-nio-8080-exec-5","correlationId":"3dc33ae9ac9a4d4b","logger":"o.s.web.servlet.DispatcherServlet","message":"Completed 200 OK","exception":""}
{"timestamp":"2026-06-17 06:47:07.690","level":"DEBUG","thread":"http-nio-8080-exec-7","correlationId":"4ebeb185e7fb429b","logger":"o.s.web.servlet.DispatcherServlet","message":"Completed 200 OK","exception":""}
{"timestamp":"2026-06-17 06:47:07.776","level":"DEBUG","thread":"http-nio-8080-exec-10","correlationId":"","logger":"o.s.security.web.FilterChainProxy","message":"Securing GET /swagger-ui/swagger-ui-standalone-preset.js","exception":""}
{"timestamp":"2026-06-17 06:47:07.777","level":"WARN","thread":"http-nio-8080-exec-10","correlationId":"","logger":"c.d.d.s.JwtAuthenticationFilter","message":"JWT Token não começa com Bearer String","exception":""}
{"timestamp":"2026-06-17 06:47:07.780","level":"DEBUG","thread":"http-nio-8080-exec-10","correlationId":"","logger":"o.s.s.w.a.AnonymousAuthenticationFilter","message":"Set SecurityContextHolder to anonymous SecurityContext","exception":""}
{"timestamp":"2026-06-17 06:47:07.783","level":"DEBUG","thread":"http-nio-8080-exec-6","correlationId":"","logger":"o.s.security.web.FilterChainProxy","message":"Securing GET /swagger-ui/swagger-initializer.js","exception":""}
{"timestamp":"2026-06-17 06:47:07.785","level":"WARN","thread":"http-nio-8080-exec-6","correlationId":"","logger":"c.d.d.s.JwtAuthenticationFilter","message":"JWT Token não começa com Bearer String","exception":""}
{"timestamp":"2026-06-17 06:47:07.785","level":"DEBUG","thread":"http-nio-8080-exec-10","correlationId":"","logger":"o.s.security.web.FilterChainProxy","message":"Secured GET /swagger-ui/swagger-ui-standalone-preset.js","exception":""}
{"timestamp":"2026-06-17 06:47:07.786","level":"DEBUG","thread":"http-nio-8080-exec-6","correlationId":"","logger":"o.s.s.w.a.AnonymousAuthenticationFilter","message":"Set SecurityContextHolder to anonymous SecurityContext","exception":""}
{"timestamp":"2026-06-17 06:47:07.786","level":"DEBUG","thread":"http-nio-8080-exec-10","correlationId":"7d2929e3b2934c5b","logger":"o.s.web.servlet.DispatcherServlet","message":"GET "/swagger-ui/swagger-ui-standalone-preset.js", parameters={}","exception":""}
{"timestamp":"2026-06-17 06:47:07.788","level":"DEBUG","thread":"http-nio-8080-exec-10","correlationId":"7d2929e3b2934c5b","logger":"o.s.w.s.h.SimpleUrlHandlerMapping","message":"Mapped to ResourceHttpRequestHandler [classpath [META-INF/resources/webjars/]]","exception":""}
{"timestamp":"2026-06-17 06:47:07.788","level":"DEBUG","thread":"http-nio-8080-exec-6","correlationId":"","logger":"o.s.security.web.FilterChainProxy","message":"Secured GET /swagger-ui/swagger-initializer.js","exception":""}
{"timestamp":"2026-06-17 06:47:07.789","level":"DEBUG","thread":"http-nio-8080-exec-6","correlationId":"d62acfbb8e4142fb","logger":"o.s.web.servlet.DispatcherServlet","message":"GET "/swagger-ui/swagger-initializer.js", parameters={}","exception":""}
{"timestamp":"2026-06-17 06:47:07.790","level":"DEBUG","thread":"http-nio-8080-exec-6","correlationId":"d62acfbb8e4142fb","logger":"o.s.w.s.h.SimpleUrlHandlerMapping","message":"Mapped to ResourceHttpRequestHandler [classpath [META-INF/resources/webjars/]]","exception":""}
{"timestamp":"2026-06-17 06:47:07.795","level":"DEBUG","thread":"http-nio-8080-exec-10","correlationId":"7d2929e3b2934c5b","logger":"o.s.web.servlet.DispatcherServlet","message":"Completed 200 OK","exception":""}
{"timestamp":"2026-06-17 06:47:07.795","level":"DEBUG","thread":"http-nio-8080-exec-6","correlationId":"d62acfbb8e4142fb","logger":"o.s.web.servlet.DispatcherServlet","message":"Completed 200 OK","exception":""}
{"timestamp":"2026-06-17 06:47:07.921","level":"DEBUG","thread":"http-nio-8080-exec-9","correlationId":"","logger":"o.s.security.web.FilterChainProxy","message":"Securing GET /swagger-ui/favicon-32x32.png","exception":""}
{"timestamp":"2026-06-17 06:47:07.922","level":"WARN","thread":"http-nio-8080-exec-9","correlationId":"","logger":"c.d.d.s.JwtAuthenticationFilter","message":"JWT Token não começa com Bearer String","exception":""}
{"timestamp":"2026-06-17 06:47:07.924","level":"DEBUG","thread":"http-nio-8080-exec-9","correlationId":"","logger":"o.s.s.w.a.AnonymousAuthenticationFilter","message":"Set SecurityContextHolder to anonymous SecurityContext","exception":""}
{"timestamp":"2026-06-17 06:47:07.926","level":"DEBUG","thread":"http-nio-8080-exec-9","correlationId":"","logger":"o.s.security.web.FilterChainProxy","message":"Secured GET /swagger-ui/favicon-32x32.png","exception":""}
{"timestamp":"2026-06-17 06:47:07.929","level":"DEBUG","thread":"http-nio-8080-exec-9","correlationId":"de8e21ef499a4cd1","logger":"o.s.web.servlet.DispatcherServlet","message":"GET "/swagger-ui/favicon-32x32.png", parameters={}","exception":""}
{"timestamp":"2026-06-17 06:47:07.930","level":"DEBUG","thread":"http-nio-8080-exec-9","correlationId":"de8e21ef499a4cd1","logger":"o.s.w.s.h.SimpleUrlHandlerMapping","message":"Mapped to ResourceHttpRequestHandler [classpath [META-INF/resources/webjars/]]","exception":""}
{"timestamp":"2026-06-17 06:47:07.935","level":"DEBUG","thread":"http-nio-8080-exec-9","correlationId":"de8e21ef499a4cd1","logger":"o.s.web.servlet.DispatcherServlet","message":"Completed 200 OK","exception":""}
{"timestamp":"2026-06-17 06:47:07.965","level":"DEBUG","thread":"http-nio-8080-exec-8","correlationId":"","logger":"o.s.security.web.FilterChainProxy","message":"Securing GET /v3/api-docs/swagger-config","exception":""}
{"timestamp":"2026-06-17 06:47:07.966","level":"WARN","thread":"http-nio-8080-exec-8","correlationId":"","logger":"c.d.d.s.JwtAuthenticationFilter","message":"JWT Token não começa com Bearer String","exception":""}
{"timestamp":"2026-06-17 06:47:07.968","level":"DEBUG","thread":"http-nio-8080-exec-8","correlationId":"","logger":"o.s.s.w.a.AnonymousAuthenticationFilter","message":"Set SecurityContextHolder to anonymous SecurityContext","exception":""}
{"timestamp":"2026-06-17 06:47:07.974","level":"DEBUG","thread":"http-nio-8080-exec-8","correlationId":"","logger":"o.s.security.web.FilterChainProxy","message":"Secured GET /v3/api-docs/swagger-config","exception":""}
{"timestamp":"2026-06-17 06:47:07.975","level":"DEBUG","thread":"http-nio-8080-exec-1","correlationId":"","logger":"o.s.security.web.FilterChainProxy","message":"Securing GET /swagger-ui/favicon-32x32.png","exception":""}
{"timestamp":"2026-06-17 06:47:07.976","level":"DEBUG","thread":"http-nio-8080-exec-8","correlationId":"01065d8fd6444e76","logger":"o.s.web.servlet.DispatcherServlet","message":"GET "/v3/api-docs/swagger-config", parameters={}","exception":""}
{"timestamp":"2026-06-17 06:47:07.976","level":"WARN","thread":"http-nio-8080-exec-1","correlationId":"","logger":"c.d.d.s.JwtAuthenticationFilter","message":"JWT Token não começa com Bearer String","exception":""}
{"timestamp":"2026-06-17 06:47:07.977","level":"DEBUG","thread":"http-nio-8080-exec-8","correlationId":"01065d8fd6444e76","logger":"o.s.w.s.m.m.a.RequestMappingHandlerMapping","message":"Mapped to org.springdoc.webmvc.ui.SwaggerConfigResource#openapiJson(HttpServletRequest)","exception":""}
{"timestamp":"2026-06-17 06:47:07.977","level":"DEBUG","thread":"http-nio-8080-exec-1","correlationId":"","logger":"o.s.s.w.a.AnonymousAuthenticationFilter","message":"Set SecurityContextHolder to anonymous SecurityContext","exception":""}
{"timestamp":"2026-06-17 06:47:07.978","level":"DEBUG","thread":"http-nio-8080-exec-8","correlationId":"01065d8fd6444e76","logger":"o.s.w.s.m.m.a.RequestResponseBodyMethodProcessor","message":"Using 'application/json', given [*/*] and supported [application/json]","exception":""}
{"timestamp":"2026-06-17 06:47:07.979","level":"DEBUG","thread":"http-nio-8080-exec-1","correlationId":"","logger":"o.s.security.web.FilterChainProxy","message":"Secured GET /swagger-ui/favicon-32x32.png","exception":""}
{"timestamp":"2026-06-17 06:47:07.981","level":"DEBUG","thread":"http-nio-8080-exec-8","correlationId":"01065d8fd6444e76","logger":"o.s.w.s.m.m.a.RequestResponseBodyMethodProcessor","message":"Writing [{configUrl=/v3/api-docs/swagger-config, oauth2RedirectUrl=http://localhost:8080/swagger-ui/oauth2-re (truncated)...]","exception":""}
{"timestamp":"2026-06-17 06:47:07.982","level":"DEBUG","thread":"http-nio-8080-exec-1","correlationId":"b14e887366d746e8","logger":"o.s.web.servlet.DispatcherServlet","message":"GET "/swagger-ui/favicon-32x32.png", parameters={}","exception":""}
{"timestamp":"2026-06-17 06:47:07.983","level":"DEBUG","thread":"http-nio-8080-exec-8","correlationId":"01065d8fd6444e76","logger":"o.s.web.servlet.DispatcherServlet","message":"Completed 200 OK","exception":""}
{"timestamp":"2026-06-17 06:47:07.983","level":"DEBUG","thread":"http-nio-8080-exec-1","correlationId":"b14e887366d746e8","logger":"o.s.w.s.h.SimpleUrlHandlerMapping","message":"Mapped to ResourceHttpRequestHandler [classpath [META-INF/resources/webjars/]]","exception":""}
{"timestamp":"2026-06-17 06:47:07.987","level":"DEBUG","thread":"http-nio-8080-exec-1","correlationId":"b14e887366d746e8","logger":"o.s.web.servlet.DispatcherServlet","message":"Completed 200 OK","exception":""}
{"timestamp":"2026-06-17 06:47:08.016","level":"DEBUG","thread":"http-nio-8080-exec-2","correlationId":"","logger":"o.s.security.web.FilterChainProxy","message":"Securing GET /v3/api-docs","exception":""}
{"timestamp":"2026-06-17 06:47:08.017","level":"WARN","thread":"http-nio-8080-exec-2","correlationId":"","logger":"c.d.d.s.JwtAuthenticationFilter","message":"JWT Token não começa com Bearer String","exception":""}
{"timestamp":"2026-06-17 06:47:08.019","level":"DEBUG","thread":"http-nio-8080-exec-2","correlationId":"","logger":"o.s.s.w.a.AnonymousAuthenticationFilter","message":"Set SecurityContextHolder to anonymous SecurityContext","exception":""}
{"timestamp":"2026-06-17 06:47:08.024","level":"DEBUG","thread":"http-nio-8080-exec-2","correlationId":"","logger":"o.s.security.web.FilterChainProxy","message":"Secured GET /v3/api-docs","exception":""}
{"timestamp":"2026-06-17 06:47:08.026","level":"DEBUG","thread":"http-nio-8080-exec-2","correlationId":"18c89ac6592a433c","logger":"o.s.web.servlet.DispatcherServlet","message":"GET "/v3/api-docs", parameters={}","exception":""}
{"timestamp":"2026-06-17 06:47:08.026","level":"DEBUG","thread":"http-nio-8080-exec-2","correlationId":"18c89ac6592a433c","logger":"o.s.w.s.m.m.a.RequestMappingHandlerMapping","message":"Mapped to org.springdoc.webmvc.api.OpenApiWebMvcResource#openapiJson(HttpServletRequest, String, Locale)","exception":""}
{"timestamp":"2026-06-17 06:47:08.032","level":"DEBUG","thread":"http-nio-8080-exec-2","correlationId":"18c89ac6592a433c","logger":"o.s.w.s.m.m.a.RequestResponseBodyMethodProcessor","message":"Using 'application/json', given [application/json, */*] and supported [application/json]","exception":""}
{"timestamp":"2026-06-17 06:47:08.035","level":"DEBUG","thread":"http-nio-8080-exec-2","correlationId":"18c89ac6592a433c","logger":"o.s.w.s.m.m.a.RequestResponseBodyMethodProcessor","message":"Writing [{123, 34, 111, 112, 101, 110, 97, 112, 105, 34, 58, 34, 51, 46, 48, 46, 49, 34, 44, 34, 105, 110, 10 (truncated)...]","exception":""}
{"timestamp":"2026-06-17 06:47:08.037","level":"DEBUG","thread":"http-nio-8080-exec-2","correlationId":"18c89ac6592a433c","logger":"o.s.web.servlet.DispatcherServlet","message":"Completed 200 OK","exception":""}
{"timestamp":"2026-06-17 06:47:08.576","level":"DEBUG","thread":"AsyncReporter{org.springframework.boot.actuate.autoconfigure.tracing.zipkin.ZipkinRestTemplateSender@58058586}","correlationId":"","logger":"o.s.web.client.RestTemplate","message":"HTTP POST http://localhost:9411/api/v2/spans","exception":""}
{"timestamp":"2026-06-17 06:47:08.577","level":"DEBUG","thread":"AsyncReporter{org.springframework.boot.actuate.autoconfigure.tracing.zipkin.ZipkinRestTemplateSender@58058586}","correlationId":"","logger":"o.s.web.client.RestTemplate","message":"Accept=[application/json, application/*+json]","exception":""}
{"timestamp":"2026-06-17 06:47:08.579","level":"DEBUG","thread":"AsyncReporter{org.springframework.boot.actuate.autoconfigure.tracing.zipkin.ZipkinRestTemplateSender@58058586}","correlationId":"","logger":"o.s.web.client.RestTemplate","message":"Writing [[B@2ff3836d] as "application/json"","exception":""}
{"timestamp":"2026-06-17 06:51:52.673","level":"DEBUG","thread":"http-nio-8080-exec-5","correlationId":"","logger":"o.s.security.web.FilterChainProxy","message":"Securing GET /h2-console","exception":""}
{"timestamp":"2026-06-17 06:51:52.675","level":"WARN","thread":"http-nio-8080-exec-5","correlationId":"","logger":"c.d.d.s.JwtAuthenticationFilter","message":"JWT Token não começa com Bearer String","exception":""}
{"timestamp":"2026-06-17 06:51:52.678","level":"DEBUG","thread":"http-nio-8080-exec-5","correlationId":"","logger":"o.s.s.w.a.AnonymousAuthenticationFilter","message":"Set SecurityContextHolder to anonymous SecurityContext","exception":""}
{"timestamp":"2026-06-17 06:51:52.681","level":"DEBUG","thread":"http-nio-8080-exec-5","correlationId":"","logger":"o.s.security.web.FilterChainProxy","message":"Secured GET /h2-console","exception":""}
{"timestamp":"2026-06-17 06:51:52.693","level":"DEBUG","thread":"http-nio-8080-exec-7","correlationId":"","logger":"o.s.security.web.FilterChainProxy","message":"Securing GET /h2-console/","exception":""}
{"timestamp":"2026-06-17 06:51:52.694","level":"WARN","thread":"http-nio-8080-exec-7","correlationId":"","logger":"c.d.d.s.JwtAuthenticationFilter","message":"JWT Token não começa com Bearer String","exception":""}
{"timestamp":"2026-06-17 06:51:52.695","level":"DEBUG","thread":"http-nio-8080-exec-7","correlationId":"","logger":"o.s.s.w.a.AnonymousAuthenticationFilter","message":"Set SecurityContextHolder to anonymous SecurityContext","exception":""}
{"timestamp":"2026-06-17 06:51:52.697","level":"DEBUG","thread":"http-nio-8080-exec-7","correlationId":"","logger":"o.s.security.web.FilterChainProxy","message":"Secured GET /h2-console/","exception":""}
{"timestamp":"2026-06-17 06:51:52.770","level":"DEBUG","thread":"http-nio-8080-exec-10","correlationId":"","logger":"o.s.security.web.FilterChainProxy","message":"Securing GET /h2-console/stylesheet.css","exception":""}
{"timestamp":"2026-06-17 06:51:52.773","level":"WARN","thread":"http-nio-8080-exec-10","correlationId":"","logger":"c.d.d.s.JwtAuthenticationFilter","message":"JWT Token não começa com Bearer String","exception":""}
{"timestamp":"2026-06-17 06:51:52.776","level":"DEBUG","thread":"http-nio-8080-exec-10","correlationId":"","logger":"o.s.s.w.a.AnonymousAuthenticationFilter","message":"Set SecurityContextHolder to anonymous SecurityContext","exception":""}
{"timestamp":"2026-06-17 06:51:52.786","level":"DEBUG","thread":"http-nio-8080-exec-10","correlationId":"","logger":"o.s.security.web.FilterChainProxy","message":"Secured GET /h2-console/stylesheet.css","exception":""}
{"timestamp":"2026-06-17 06:51:52.984","level":"DEBUG","thread":"http-nio-8080-exec-6","correlationId":"","logger":"o.s.security.web.FilterChainProxy","message":"Securing GET /h2-console/login.jsp?jsessionid=233f6a82ba82b9020c43d1e4fde49ae6","exception":""}
{"timestamp":"2026-06-17 06:51:52.985","level":"WARN","thread":"http-nio-8080-exec-6","correlationId":"","logger":"c.d.d.s.JwtAuthenticationFilter","message":"JWT Token não começa com Bearer String","exception":""}
{"timestamp":"2026-06-17 06:51:52.987","level":"DEBUG","thread":"http-nio-8080-exec-6","correlationId":"","logger":"o.s.s.w.a.AnonymousAuthenticationFilter","message":"Set SecurityContextHolder to anonymous SecurityContext","exception":""}
{"timestamp":"2026-06-17 06:51:52.994","level":"DEBUG","thread":"http-nio-8080-exec-6","correlationId":"","logger":"o.s.security.web.FilterChainProxy","message":"Secured GET /h2-console/login.jsp?jsessionid=233f6a82ba82b9020c43d1e4fde49ae6","exception":""}
{"timestamp":"2026-06-17 06:51:53.063","level":"DEBUG","thread":"http-nio-8080-exec-9","correlationId":"","logger":"o.s.security.web.FilterChainProxy","message":"Securing GET /h2-console/background.gif","exception":""}
{"timestamp":"2026-06-17 06:51:53.064","level":"WARN","thread":"http-nio-8080-exec-9","correlationId":"","logger":"c.d.d.s.JwtAuthenticationFilter","message":"JWT Token não começa com Bearer String","exception":""}
{"timestamp":"2026-06-17 06:51:53.065","level":"DEBUG","thread":"http-nio-8080-exec-9","correlationId":"","logger":"o.s.s.w.a.AnonymousAuthenticationFilter","message":"Set SecurityContextHolder to anonymous SecurityContext","exception":""}
{"timestamp":"2026-06-17 06:51:53.071","level":"DEBUG","thread":"http-nio-8080-exec-9","correlationId":"","logger":"o.s.security.web.FilterChainProxy","message":"Secured GET /h2-console/background.gif","exception":""}
{"timestamp":"2026-06-17 06:51:53.427","level":"DEBUG","thread":"http-nio-8080-exec-8","correlationId":"","logger":"o.s.security.web.FilterChainProxy","message":"Securing GET /favicon.ico","exception":""}
{"timestamp":"2026-06-17 06:51:53.428","level":"WARN","thread":"http-nio-8080-exec-8","correlationId":"","logger":"c.d.d.s.JwtAuthenticationFilter","message":"JWT Token não começa com Bearer String","exception":""}
{"timestamp":"2026-06-17 06:51:53.430","level":"DEBUG","thread":"http-nio-8080-exec-8","correlationId":"","logger":"o.s.s.w.a.AnonymousAuthenticationFilter","message":"Set SecurityContextHolder to anonymous SecurityContext","exception":""}
{"timestamp":"2026-06-17 06:51:53.431","level":"DEBUG","thread":"http-nio-8080-exec-8","correlationId":"","logger":"o.s.security.web.FilterChainProxy","message":"Secured GET /favicon.ico","exception":""}
{"timestamp":"2026-06-17 06:51:53.436","level":"DEBUG","thread":"http-nio-8080-exec-8","correlationId":"e4e977e7f0bc43dd","logger":"o.s.web.servlet.DispatcherServlet","message":"GET "/favicon.ico", parameters={}","exception":""}
{"timestamp":"2026-06-17 06:51:53.436","level":"DEBUG","thread":"http-nio-8080-exec-8","correlationId":"e4e977e7f0bc43dd","logger":"o.s.w.s.h.SimpleUrlHandlerMapping","message":"Mapped to ResourceHttpRequestHandler [classpath [META-INF/resources/], classpath [resources/], classpath [static/], classpath [public/], ServletContext [/]]","exception":""}
{"timestamp":"2026-06-17 06:51:53.441","level":"DEBUG","thread":"http-nio-8080-exec-8","correlationId":"e4e977e7f0bc43dd","logger":"o.s.w.s.r.ResourceHttpRequestHandler","message":"Resource not found","exception":""}
{"timestamp":"2026-06-17 06:51:53.445","level":"DEBUG","thread":"http-nio-8080-exec-8","correlationId":"e4e977e7f0bc43dd","logger":"o.s.w.s.m.m.a.ExceptionHandlerExceptionResolver","message":"Using @ExceptionHandler com.deliverytech.deliverytech_fat.exception.GlobalExceptionHandler#handleGenericException(Exception, HttpServletRequest)","exception":""}
{"timestamp":"2026-06-17 06:51:53.452","level":"DEBUG","thread":"http-nio-8080-exec-8","correlationId":"e4e977e7f0bc43dd","logger":"o.s.w.s.m.m.a.HttpEntityMethodProcessor","message":"Using 'application/json;q=0.8', given [image/avif, image/webp, image/apng, image/svg+xml, image/*, */*;q=0.8] and supported [application/json, application/*+json]","exception":""}
{"timestamp":"2026-06-17 06:51:53.453","level":"DEBUG","thread":"http-nio-8080-exec-8","correlationId":"e4e977e7f0bc43dd","logger":"o.s.w.s.m.m.a.HttpEntityMethodProcessor","message":"Writing [com.deliverytech.deliverytech_fat.dto.ErrorResponse@35bf9509]","exception":""}
{"timestamp":"2026-06-17 06:51:53.456","level":"WARN","thread":"http-nio-8080-exec-8","correlationId":"e4e977e7f0bc43dd","logger":"o.s.w.s.m.m.a.ExceptionHandlerExceptionResolver","message":"Resolved [org.springframework.web.servlet.resource.NoResourceFoundException: No static resource favicon.ico.]","exception":""}
{"timestamp":"2026-06-17 06:51:53.457","level":"DEBUG","thread":"http-nio-8080-exec-8","correlationId":"e4e977e7f0bc43dd","logger":"o.s.web.servlet.DispatcherServlet","message":"Completed 500 INTERNAL_SERVER_ERROR","exception":""}
{"timestamp":"2026-06-17 06:51:53.614","level":"DEBUG","thread":"AsyncReporter{org.springframework.boot.actuate.autoconfigure.tracing.zipkin.ZipkinRestTemplateSender@58058586}","correlationId":"","logger":"o.s.web.client.RestTemplate","message":"HTTP POST http://localhost:9411/api/v2/spans","exception":""}
{"timestamp":"2026-06-17 06:51:53.615","level":"DEBUG","thread":"AsyncReporter{org.springframework.boot.actuate.autoconfigure.tracing.zipkin.ZipkinRestTemplateSender@58058586}","correlationId":"","logger":"o.s.web.client.RestTemplate","message":"Accept=[application/json, application/*+json]","exception":""}
{"timestamp":"2026-06-17 06:51:53.618","level":"DEBUG","thread":"AsyncReporter{org.springframework.boot.actuate.autoconfigure.tracing.zipkin.ZipkinRestTemplateSender@58058586}","correlationId":"","logger":"o.s.web.client.RestTemplate","message":"Writing [[B@553fe1d8] as "application/json"","exception":""}
