2026-06-17 06:34:38.898 [restartedMain] INFO  [] c.d.d.DeliverytechFatApplication - Starting DeliverytechFatApplication using Java 21.0.11 with PID 11116 (C:\Criação\BR\delivery_tech-main\target\classes started by allan in C:\Criação\BR\delivery_tech-main)
2026-06-17 06:34:39.064 [restartedMain] DEBUG [] c.d.d.DeliverytechFatApplication - Running with Spring Boot v3.2.5-SNAPSHOT, Spring v6.1.6
2026-06-17 06:34:39.067 [restartedMain] INFO  [] c.d.d.DeliverytechFatApplication - No active profile set, falling back to 1 default profile: "default"
2026-06-17 06:34:39.149 [restartedMain] INFO  [] o.s.b.d.e.DevToolsPropertyDefaultsPostProcessor - Devtools property defaults active! Set 'spring.devtools.add-properties' to 'false' to disable
2026-06-17 06:34:39.153 [restartedMain] INFO  [] o.s.b.d.e.DevToolsPropertyDefaultsPostProcessor - For additional web related logging consider setting the 'logging.level.web' property to 'DEBUG'
2026-06-17 06:34:40.676 [restartedMain] INFO  [] o.s.d.r.c.RepositoryConfigurationDelegate - Multiple Spring Data modules found, entering strict repository configuration mode
2026-06-17 06:34:40.679 [restartedMain] INFO  [] o.s.d.r.c.RepositoryConfigurationDelegate - Bootstrapping Spring Data JPA repositories in DEFAULT mode.
2026-06-17 06:34:40.875 [restartedMain] INFO  [] o.s.d.r.c.RepositoryConfigurationDelegate - Finished Spring Data repository scanning in 188 ms. Found 5 JPA repository interfaces.
2026-06-17 06:34:40.892 [restartedMain] INFO  [] o.s.d.r.c.RepositoryConfigurationDelegate - Multiple Spring Data modules found, entering strict repository configuration mode
2026-06-17 06:34:40.893 [restartedMain] INFO  [] o.s.d.r.c.RepositoryConfigurationDelegate - Bootstrapping Spring Data Redis repositories in DEFAULT mode.
2026-06-17 06:34:40.912 [restartedMain] INFO  [] o.s.d.r.c.RepositoryConfigurationExtensionSupport - Spring Data Redis - Could not safely identify store assignment for repository candidate interface com.deliverytech.deliverytech_fat.repository.ClienteRepository; If you want this repository to be a Redis repository, consider annotating your entities with one of these annotations: org.springframework.data.redis.core.RedisHash (preferred), or consider extending one of the following types with your repository: org.springframework.data.keyvalue.repository.KeyValueRepository
2026-06-17 06:34:40.912 [restartedMain] INFO  [] o.s.d.r.c.RepositoryConfigurationExtensionSupport - Spring Data Redis - Could not safely identify store assignment for repository candidate interface com.deliverytech.deliverytech_fat.repository.PedidoRepository; If you want this repository to be a Redis repository, consider annotating your entities with one of these annotations: org.springframework.data.redis.core.RedisHash (preferred), or consider extending one of the following types with your repository: org.springframework.data.keyvalue.repository.KeyValueRepository
2026-06-17 06:34:40.913 [restartedMain] INFO  [] o.s.d.r.c.RepositoryConfigurationExtensionSupport - Spring Data Redis - Could not safely identify store assignment for repository candidate interface com.deliverytech.deliverytech_fat.repository.ProdutoRepository; If you want this repository to be a Redis repository, consider annotating your entities with one of these annotations: org.springframework.data.redis.core.RedisHash (preferred), or consider extending one of the following types with your repository: org.springframework.data.keyvalue.repository.KeyValueRepository
2026-06-17 06:34:40.914 [restartedMain] INFO  [] o.s.d.r.c.RepositoryConfigurationExtensionSupport - Spring Data Redis - Could not safely identify store assignment for repository candidate interface com.deliverytech.deliverytech_fat.repository.RestauranteRepository; If you want this repository to be a Redis repository, consider annotating your entities with one of these annotations: org.springframework.data.redis.core.RedisHash (preferred), or consider extending one of the following types with your repository: org.springframework.data.keyvalue.repository.KeyValueRepository
2026-06-17 06:34:40.915 [restartedMain] INFO  [] o.s.d.r.c.RepositoryConfigurationExtensionSupport - Spring Data Redis - Could not safely identify store assignment for repository candidate interface com.deliverytech.deliverytech_fat.repository.UsuarioRepository; If you want this repository to be a Redis repository, consider annotating your entities with one of these annotations: org.springframework.data.redis.core.RedisHash (preferred), or consider extending one of the following types with your repository: org.springframework.data.keyvalue.repository.KeyValueRepository
2026-06-17 06:34:40.916 [restartedMain] INFO  [] o.s.d.r.c.RepositoryConfigurationDelegate - Finished Spring Data repository scanning in 13 ms. Found 0 Redis repository interfaces.
2026-06-17 06:34:42.023 [restartedMain] INFO  [] o.s.b.w.e.tomcat.TomcatWebServer - Tomcat initialized with port 8080 (http)
2026-06-17 06:34:42.037 [restartedMain] INFO  [] o.a.coyote.http11.Http11NioProtocol - Initializing ProtocolHandler ["http-nio-8080"]
2026-06-17 06:34:42.039 [restartedMain] INFO  [] o.a.catalina.core.StandardService - Starting service [Tomcat]
2026-06-17 06:34:42.040 [restartedMain] INFO  [] o.a.catalina.core.StandardEngine - Starting Servlet engine: [Apache Tomcat/10.1.20]
2026-06-17 06:34:42.111 [restartedMain] INFO  [] o.a.c.c.C.[Tomcat].[localhost].[/] - Initializing Spring embedded WebApplicationContext
2026-06-17 06:34:42.111 [restartedMain] INFO  [] o.s.b.w.s.c.ServletWebServerApplicationContext - Root WebApplicationContext: initialization completed in 2958 ms
2026-06-17 06:34:42.517 [restartedMain] INFO  [] com.zaxxer.hikari.HikariDataSource - HikariPool-1 - Starting...
2026-06-17 06:34:42.729 [restartedMain] INFO  [] com.zaxxer.hikari.pool.HikariPool - HikariPool-1 - Added connection conn0: url=jdbc:h2:mem:delivery user=SA
2026-06-17 06:34:42.732 [restartedMain] INFO  [] com.zaxxer.hikari.HikariDataSource - HikariPool-1 - Start completed.
2026-06-17 06:34:42.744 [restartedMain] INFO  [] o.s.b.a.h.H2ConsoleAutoConfiguration - H2 console available at '/h2-console'. Database available at 'jdbc:h2:mem:delivery'
2026-06-17 06:34:43.289 [restartedMain] INFO  [] o.s.o.j.p.SpringPersistenceUnitInfo - No LoadTimeWeaver setup: ignoring JPA class transformer
2026-06-17 06:34:44.608 [restartedMain] INFO  [] o.s.o.j.LocalContainerEntityManagerFactoryBean - Initialized JPA EntityManagerFactory for persistence unit 'default'
2026-06-17 06:34:45.071 [restartedMain] DEBUG [] c.d.d.s.JwtAuthenticationFilter - Filter 'jwtAuthenticationFilter' configured for use
2026-06-17 06:34:45.073 [restartedMain] DEBUG [] o.s.w.f.ServerHttpObservationFilter - Filter 'webMvcObservationFilter' configured for use
2026-06-17 06:34:45.299 [restartedMain] INFO  [] o.s.d.j.r.query.QueryEnhancerFactory - Hibernate is in classpath; If applicable, HQL parser will be used.
2026-06-17 06:34:46.808 [restartedMain] DEBUG [] o.s.w.s.m.m.a.RequestMappingHandlerMapping - 37 mappings in 'requestMappingHandlerMapping'
2026-06-17 06:34:47.049 [restartedMain] DEBUG [] o.s.w.s.h.SimpleUrlHandlerMapping - Patterns [/webjars/**, /**, /swagger-ui*/*swagger-initializer.js, /swagger-ui*/**] in 'resourceHandlerMapping'
2026-06-17 06:34:47.701 [restartedMain] INFO  [] o.s.b.a.e.web.EndpointLinksResolver - Exposing 14 endpoint(s) beneath base path '/actuator'
2026-06-17 06:34:47.847 [restartedMain] INFO  [] o.s.s.web.DefaultSecurityFilterChain - Will secure any request with [org.springframework.security.web.session.DisableEncodeUrlFilter@7d6894fd, org.springframework.security.web.context.request.async.WebAsyncManagerIntegrationFilter@27c54187, org.springframework.security.web.context.SecurityContextHolderFilter@4818b35d, org.springframework.security.web.header.HeaderWriterFilter@48c327ac, org.springframework.web.filter.CorsFilter@67ca2312, org.springframework.security.web.authentication.logout.LogoutFilter@6a1539f, com.deliverytech.deliverytech_fat.security.JwtAuthenticationFilter@34b15498, org.springframework.security.web.savedrequest.RequestCacheAwareFilter@2f537bed, org.springframework.security.web.servletapi.SecurityContextHolderAwareRequestFilter@51b447b1, org.springframework.security.web.authentication.AnonymousAuthenticationFilter@4dfd24d9, org.springframework.security.web.session.SessionManagementFilter@3248096b, org.springframework.security.web.access.ExceptionTranslationFilter@22e0e0be, org.springframework.security.web.access.intercept.AuthorizationFilter@597df1f5]
2026-06-17 06:34:48.046 [restartedMain] DEBUG [] o.s.w.s.m.m.a.RequestMappingHandlerAdapter - ControllerAdvice beans: 0 @ModelAttribute, 0 @InitBinder, 1 RequestBodyAdvice, 1 ResponseBodyAdvice
2026-06-17 06:34:48.102 [restartedMain] DEBUG [] o.s.w.s.m.m.a.ExceptionHandlerExceptionResolver - ControllerAdvice beans: 2 @ExceptionHandler, 1 ResponseBodyAdvice
2026-06-17 06:34:48.993 [restartedMain] INFO  [] o.s.b.d.a.OptionalLiveReloadServer - LiveReload server is running on port 35729
2026-06-17 06:34:49.091 [restartedMain] INFO  [] o.a.coyote.http11.Http11NioProtocol - Starting ProtocolHandler ["http-nio-8080"]
2026-06-17 06:34:49.143 [restartedMain] INFO  [] o.s.b.w.e.tomcat.TomcatWebServer - Tomcat started on port 8080 (http) with context path ''
2026-06-17 06:34:49.163 [restartedMain] INFO  [] c.d.d.DeliverytechFatApplication - Started DeliverytechFatApplication in 10.827 seconds (process running for 11.405)
2026-06-17 06:36:39.770 [http-nio-8080-exec-1] INFO  [] o.a.c.c.C.[Tomcat].[localhost].[/] - Initializing Spring DispatcherServlet 'dispatcherServlet'
2026-06-17 06:36:39.770 [http-nio-8080-exec-1] INFO  [] o.s.web.servlet.DispatcherServlet - Initializing Servlet 'dispatcherServlet'
2026-06-17 06:36:39.772 [http-nio-8080-exec-1] DEBUG [] o.s.web.servlet.DispatcherServlet - Detected StandardServletMultipartResolver
2026-06-17 06:36:39.777 [http-nio-8080-exec-1] DEBUG [] o.s.web.servlet.DispatcherServlet - Detected AcceptHeaderLocaleResolver
2026-06-17 06:36:39.777 [http-nio-8080-exec-1] DEBUG [] o.s.web.servlet.DispatcherServlet - Detected FixedThemeResolver
2026-06-17 06:36:39.779 [http-nio-8080-exec-1] DEBUG [] o.s.web.servlet.DispatcherServlet - Detected org.springframework.web.servlet.view.DefaultRequestToViewNameTranslator@5c8ad729
2026-06-17 06:36:39.780 [http-nio-8080-exec-1] DEBUG [] o.s.web.servlet.DispatcherServlet - Detected org.springframework.web.servlet.support.SessionFlashMapManager@43d404b9
2026-06-17 06:36:39.782 [http-nio-8080-exec-1] DEBUG [] o.s.web.servlet.DispatcherServlet - enableLoggingRequestDetails='false': request parameters and headers will be masked to prevent unsafe logging of potentially sensitive data
2026-06-17 06:36:39.786 [http-nio-8080-exec-1] INFO  [] o.s.web.servlet.DispatcherServlet - Completed initialization in 14 ms
2026-06-17 06:36:39.825 [http-nio-8080-exec-1] DEBUG [] o.s.security.web.FilterChainProxy - Securing GET /swagger-ui/index.html
2026-06-17 06:36:39.840 [http-nio-8080-exec-1] WARN  [] c.d.d.s.JwtAuthenticationFilter - JWT Token não começa com Bearer String
2026-06-17 06:36:39.842 [http-nio-8080-exec-1] DEBUG [] o.s.s.w.a.AnonymousAuthenticationFilter - Set SecurityContextHolder to anonymous SecurityContext
2026-06-17 06:36:39.859 [http-nio-8080-exec-1] DEBUG [] o.s.security.web.FilterChainProxy - Secured GET /swagger-ui/index.html
2026-06-17 06:36:39.874 [http-nio-8080-exec-1] DEBUG [d6d1ccc2365c4874] o.s.web.servlet.DispatcherServlet - GET "/swagger-ui/index.html", parameters={}
2026-06-17 06:36:39.877 [http-nio-8080-exec-1] DEBUG [d6d1ccc2365c4874] o.s.w.s.h.SimpleUrlHandlerMapping - Mapped to ResourceHttpRequestHandler [classpath [META-INF/resources/webjars/]]
2026-06-17 06:36:39.909 [http-nio-8080-exec-1] DEBUG [d6d1ccc2365c4874] o.s.web.servlet.DispatcherServlet - Completed 200 OK
2026-06-17 06:36:39.922 [http-nio-8080-exec-2] DEBUG [] o.s.security.web.FilterChainProxy - Securing GET /swagger-ui/index.css
2026-06-17 06:36:39.922 [http-nio-8080-exec-3] DEBUG [] o.s.security.web.FilterChainProxy - Securing GET /swagger-ui/swagger-ui.css
2026-06-17 06:36:39.923 [http-nio-8080-exec-4] DEBUG [] o.s.security.web.FilterChainProxy - Securing GET /swagger-ui/swagger-ui-bundle.js
2026-06-17 06:36:39.925 [http-nio-8080-exec-2] WARN  [] c.d.d.s.JwtAuthenticationFilter - JWT Token não começa com Bearer String
2026-06-17 06:36:39.925 [http-nio-8080-exec-3] WARN  [] c.d.d.s.JwtAuthenticationFilter - JWT Token não começa com Bearer String
2026-06-17 06:36:39.925 [http-nio-8080-exec-4] WARN  [] c.d.d.s.JwtAuthenticationFilter - JWT Token não começa com Bearer String
2026-06-17 06:36:39.926 [http-nio-8080-exec-2] DEBUG [] o.s.s.w.a.AnonymousAuthenticationFilter - Set SecurityContextHolder to anonymous SecurityContext
2026-06-17 06:36:39.926 [http-nio-8080-exec-3] DEBUG [] o.s.s.w.a.AnonymousAuthenticationFilter - Set SecurityContextHolder to anonymous SecurityContext
2026-06-17 06:36:39.927 [http-nio-8080-exec-4] DEBUG [] o.s.s.w.a.AnonymousAuthenticationFilter - Set SecurityContextHolder to anonymous SecurityContext
2026-06-17 06:36:39.929 [http-nio-8080-exec-3] DEBUG [] o.s.security.web.FilterChainProxy - Secured GET /swagger-ui/swagger-ui.css
2026-06-17 06:36:39.929 [http-nio-8080-exec-2] DEBUG [] o.s.security.web.FilterChainProxy - Secured GET /swagger-ui/index.css
2026-06-17 06:36:39.930 [http-nio-8080-exec-4] DEBUG [] o.s.security.web.FilterChainProxy - Secured GET /swagger-ui/swagger-ui-bundle.js
2026-06-17 06:36:39.930 [http-nio-8080-exec-3] DEBUG [a04b3445f9944c7d] o.s.web.servlet.DispatcherServlet - GET "/swagger-ui/swagger-ui.css", parameters={}
2026-06-17 06:36:39.931 [http-nio-8080-exec-2] DEBUG [845e32018fc94cde] o.s.web.servlet.DispatcherServlet - GET "/swagger-ui/index.css", parameters={}
2026-06-17 06:36:39.931 [http-nio-8080-exec-4] DEBUG [24ccb7fbc6af4692] o.s.web.servlet.DispatcherServlet - GET "/swagger-ui/swagger-ui-bundle.js", parameters={}
2026-06-17 06:36:39.932 [http-nio-8080-exec-3] DEBUG [a04b3445f9944c7d] o.s.w.s.h.SimpleUrlHandlerMapping - Mapped to ResourceHttpRequestHandler [classpath [META-INF/resources/webjars/]]
2026-06-17 06:36:39.933 [http-nio-8080-exec-2] DEBUG [845e32018fc94cde] o.s.w.s.h.SimpleUrlHandlerMapping - Mapped to ResourceHttpRequestHandler [classpath [META-INF/resources/webjars/]]
2026-06-17 06:36:39.934 [http-nio-8080-exec-4] DEBUG [24ccb7fbc6af4692] o.s.w.s.h.SimpleUrlHandlerMapping - Mapped to ResourceHttpRequestHandler [classpath [META-INF/resources/webjars/]]
2026-06-17 06:36:39.937 [http-nio-8080-exec-2] DEBUG [845e32018fc94cde] o.s.web.servlet.DispatcherServlet - Completed 200 OK
2026-06-17 06:36:39.938 [http-nio-8080-exec-3] DEBUG [a04b3445f9944c7d] o.s.web.servlet.DispatcherServlet - Completed 200 OK
2026-06-17 06:36:39.955 [http-nio-8080-exec-4] DEBUG [24ccb7fbc6af4692] o.s.web.servlet.DispatcherServlet - Completed 200 OK
2026-06-17 06:36:40.267 [http-nio-8080-exec-5] DEBUG [] o.s.security.web.FilterChainProxy - Securing GET /swagger-ui/swagger-ui-standalone-preset.js
2026-06-17 06:36:40.269 [http-nio-8080-exec-5] WARN  [] c.d.d.s.JwtAuthenticationFilter - JWT Token não começa com Bearer String
2026-06-17 06:36:40.271 [http-nio-8080-exec-7] DEBUG [] o.s.security.web.FilterChainProxy - Securing GET /swagger-ui/swagger-initializer.js
2026-06-17 06:36:40.276 [http-nio-8080-exec-5] DEBUG [] o.s.s.w.a.AnonymousAuthenticationFilter - Set SecurityContextHolder to anonymous SecurityContext
2026-06-17 06:36:40.277 [http-nio-8080-exec-7] WARN  [] c.d.d.s.JwtAuthenticationFilter - JWT Token não começa com Bearer String
2026-06-17 06:36:40.278 [http-nio-8080-exec-7] DEBUG [] o.s.s.w.a.AnonymousAuthenticationFilter - Set SecurityContextHolder to anonymous SecurityContext
2026-06-17 06:36:40.278 [http-nio-8080-exec-5] DEBUG [] o.s.security.web.FilterChainProxy - Secured GET /swagger-ui/swagger-ui-standalone-preset.js
2026-06-17 06:36:40.279 [http-nio-8080-exec-5] DEBUG [6e8d411448d843e1] o.s.web.servlet.DispatcherServlet - GET "/swagger-ui/swagger-ui-standalone-preset.js", parameters={}
2026-06-17 06:36:40.280 [http-nio-8080-exec-7] DEBUG [] o.s.security.web.FilterChainProxy - Secured GET /swagger-ui/swagger-initializer.js
2026-06-17 06:36:40.281 [http-nio-8080-exec-5] DEBUG [6e8d411448d843e1] o.s.w.s.h.SimpleUrlHandlerMapping - Mapped to ResourceHttpRequestHandler [classpath [META-INF/resources/webjars/]]
2026-06-17 06:36:40.281 [http-nio-8080-exec-7] DEBUG [b9bb00b65f3c4725] o.s.web.servlet.DispatcherServlet - GET "/swagger-ui/swagger-initializer.js", parameters={}
2026-06-17 06:36:40.282 [http-nio-8080-exec-7] DEBUG [b9bb00b65f3c4725] o.s.w.s.h.SimpleUrlHandlerMapping - Mapped to ResourceHttpRequestHandler [classpath [META-INF/resources/webjars/]]
2026-06-17 06:36:40.288 [http-nio-8080-exec-5] DEBUG [6e8d411448d843e1] o.s.web.servlet.DispatcherServlet - Completed 200 OK
2026-06-17 06:36:40.366 [http-nio-8080-exec-7] DEBUG [b9bb00b65f3c4725] o.s.web.servlet.DispatcherServlet - Completed 200 OK
2026-06-17 06:36:40.476 [http-nio-8080-exec-6] DEBUG [] o.s.security.web.FilterChainProxy - Securing GET /v3/api-docs/swagger-config
2026-06-17 06:36:40.479 [http-nio-8080-exec-10] DEBUG [] o.s.security.web.FilterChainProxy - Securing GET /swagger-ui/favicon-32x32.png
2026-06-17 06:36:40.480 [http-nio-8080-exec-6] WARN  [] c.d.d.s.JwtAuthenticationFilter - JWT Token não começa com Bearer String
2026-06-17 06:36:40.482 [http-nio-8080-exec-10] WARN  [] c.d.d.s.JwtAuthenticationFilter - JWT Token não começa com Bearer String
2026-06-17 06:36:40.488 [http-nio-8080-exec-6] DEBUG [] o.s.s.w.a.AnonymousAuthenticationFilter - Set SecurityContextHolder to anonymous SecurityContext
2026-06-17 06:36:40.488 [http-nio-8080-exec-10] DEBUG [] o.s.s.w.a.AnonymousAuthenticationFilter - Set SecurityContextHolder to anonymous SecurityContext
2026-06-17 06:36:40.492 [http-nio-8080-exec-6] DEBUG [] o.s.security.web.FilterChainProxy - Secured GET /v3/api-docs/swagger-config
2026-06-17 06:36:40.492 [http-nio-8080-exec-10] DEBUG [] o.s.security.web.FilterChainProxy - Secured GET /swagger-ui/favicon-32x32.png
2026-06-17 06:36:40.500 [http-nio-8080-exec-6] DEBUG [07fb0dd831be40a1] o.s.web.servlet.DispatcherServlet - GET "/v3/api-docs/swagger-config", parameters={}
2026-06-17 06:36:40.500 [http-nio-8080-exec-10] DEBUG [4c6f06a9c7cb4604] o.s.web.servlet.DispatcherServlet - GET "/swagger-ui/favicon-32x32.png", parameters={}
2026-06-17 06:36:40.501 [http-nio-8080-exec-6] DEBUG [07fb0dd831be40a1] o.s.w.s.m.m.a.RequestMappingHandlerMapping - Mapped to org.springdoc.webmvc.ui.SwaggerConfigResource#openapiJson(HttpServletRequest)
2026-06-17 06:36:40.502 [http-nio-8080-exec-10] DEBUG [4c6f06a9c7cb4604] o.s.w.s.h.SimpleUrlHandlerMapping - Mapped to ResourceHttpRequestHandler [classpath [META-INF/resources/webjars/]]
2026-06-17 06:36:40.505 [http-nio-8080-exec-10] DEBUG [4c6f06a9c7cb4604] o.s.web.servlet.DispatcherServlet - Completed 200 OK
2026-06-17 06:36:40.524 [http-nio-8080-exec-6] DEBUG [07fb0dd831be40a1] o.s.w.s.m.m.a.RequestResponseBodyMethodProcessor - Using 'application/json', given [*/*] and supported [application/json]
2026-06-17 06:36:40.527 [http-nio-8080-exec-6] DEBUG [07fb0dd831be40a1] o.s.w.s.m.m.a.RequestResponseBodyMethodProcessor - Writing [{configUrl=/v3/api-docs/swagger-config, oauth2RedirectUrl=http://localhost:8080/swagger-ui/oauth2-re (truncated)...]
2026-06-17 06:36:40.536 [http-nio-8080-exec-6] DEBUG [07fb0dd831be40a1] o.s.web.servlet.DispatcherServlet - Completed 200 OK
2026-06-17 06:36:40.568 [http-nio-8080-exec-9] DEBUG [] o.s.security.web.FilterChainProxy - Securing GET /v3/api-docs
2026-06-17 06:36:40.569 [http-nio-8080-exec-9] WARN  [] c.d.d.s.JwtAuthenticationFilter - JWT Token não começa com Bearer String
2026-06-17 06:36:40.572 [http-nio-8080-exec-9] DEBUG [] o.s.s.w.a.AnonymousAuthenticationFilter - Set SecurityContextHolder to anonymous SecurityContext
2026-06-17 06:36:40.578 [http-nio-8080-exec-9] DEBUG [] o.s.security.web.FilterChainProxy - Secured GET /v3/api-docs
2026-06-17 06:36:40.580 [http-nio-8080-exec-9] DEBUG [8a545cd4d5a74f45] o.s.web.servlet.DispatcherServlet - GET "/v3/api-docs", parameters={}
2026-06-17 06:36:40.583 [http-nio-8080-exec-9] DEBUG [8a545cd4d5a74f45] o.s.w.s.m.m.a.RequestMappingHandlerMapping - Mapped to org.springdoc.webmvc.api.OpenApiWebMvcResource#openapiJson(HttpServletRequest, String, Locale)
2026-06-17 06:36:40.919 [AsyncReporter{org.springframework.boot.actuate.autoconfigure.tracing.zipkin.ZipkinRestTemplateSender@58058586}] DEBUG [] o.s.web.client.RestTemplate - HTTP POST http://localhost:9411/api/v2/spans
2026-06-17 06:36:40.932 [AsyncReporter{org.springframework.boot.actuate.autoconfigure.tracing.zipkin.ZipkinRestTemplateSender@58058586}] DEBUG [] o.s.web.client.RestTemplate - Accept=[application/json, application/*+json]
2026-06-17 06:36:40.933 [AsyncReporter{org.springframework.boot.actuate.autoconfigure.tracing.zipkin.ZipkinRestTemplateSender@58058586}] DEBUG [] o.s.web.client.RestTemplate - Writing [[B@6a98786d] as "application/json"
2026-06-17 06:36:41.019 [AsyncReporter{org.springframework.boot.actuate.autoconfigure.tracing.zipkin.ZipkinRestTemplateSender@58058586}] WARN  [] z.r.AsyncReporter$BoundedAsyncReporter - Spans were dropped due to exceptions. All subsequent errors will be logged at FINE level.
2026-06-17 06:36:41.019 [AsyncReporter{org.springframework.boot.actuate.autoconfigure.tracing.zipkin.ZipkinRestTemplateSender@58058586}] WARN  [] z.r.AsyncReporter$BoundedAsyncReporter - Dropped 42 spans due to ResourceAccessException(I/O error on POST request for "http://localhost:9411/api/v2/spans": Connection refused: getsockopt)
org.springframework.web.client.ResourceAccessException: I/O error on POST request for "http://localhost:9411/api/v2/spans": Connection refused: getsockopt
	at org.springframework.web.client.RestTemplate.createResourceAccessException(RestTemplate.java:915)
	at org.springframework.web.client.RestTemplate.doExecute(RestTemplate.java:895)
	at org.springframework.web.client.RestTemplate.execute(RestTemplate.java:790)
	at org.springframework.web.client.RestTemplate.exchange(RestTemplate.java:672)
	at org.springframework.boot.actuate.autoconfigure.tracing.zipkin.ZipkinRestTemplateSender$RestTemplateHttpPostCall.doExecute(ZipkinRestTemplateSender.java:68)
	at org.springframework.boot.actuate.autoconfigure.tracing.zipkin.ZipkinRestTemplateSender$RestTemplateHttpPostCall.doExecute(ZipkinRestTemplateSender.java:48)
	at zipkin2.Call$Base.execute(Call.java:391)
	at zipkin2.reporter.AsyncReporter$BoundedAsyncReporter.flush(AsyncReporter.java:299)
	at zipkin2.reporter.AsyncReporter$Flusher.run(AsyncReporter.java:378)
	at java.base/java.lang.Thread.run(Thread.java:1583)
Caused by: java.net.ConnectException: Connection refused: getsockopt
	at java.base/sun.nio.ch.Net.pollConnect(Native Method)
	at java.base/sun.nio.ch.Net.pollConnectNow(Net.java:690)
	at java.base/sun.nio.ch.NioSocketImpl.timedFinishConnect(NioSocketImpl.java:542)
	at java.base/sun.nio.ch.NioSocketImpl.connect(NioSocketImpl.java:592)
	at java.base/java.net.Socket.connect(Socket.java:751)
	at java.base/sun.net.NetworkClient.doConnect(NetworkClient.java:178)
	at java.base/sun.net.www.http.HttpClient.openServer(HttpClient.java:531)
	at java.base/sun.net.www.http.HttpClient.openServer(HttpClient.java:636)
	at java.base/sun.net.www.http.HttpClient.<init>(HttpClient.java:282)
	at java.base/sun.net.www.http.HttpClient.New(HttpClient.java:386)
	at java.base/sun.net.www.http.HttpClient.New(HttpClient.java:408)
	at java.base/sun.net.www.protocol.http.HttpURLConnection.getNewHttpClient(HttpURLConnection.java:1320)
	at java.base/sun.net.www.protocol.http.HttpURLConnection.plainConnect0(HttpURLConnection.java:1253)
	at java.base/sun.net.www.protocol.http.HttpURLConnection.plainConnect(HttpURLConnection.java:1139)
	at java.base/sun.net.www.protocol.http.HttpURLConnection.connect(HttpURLConnection.java:1068)
	at org.springframework.http.client.SimpleClientHttpRequest.executeInternal(SimpleClientHttpRequest.java:79)
	at org.springframework.http.client.AbstractStreamingClientHttpRequest.executeInternal(AbstractStreamingClientHttpRequest.java:70)
	at org.springframework.http.client.AbstractClientHttpRequest.execute(AbstractClientHttpRequest.java:66)
	at org.springframework.web.client.RestTemplate.doExecute(RestTemplate.java:889)
	... 8 common frames omitted
2026-06-17 06:36:41.432 [http-nio-8080-exec-9] INFO  [8a545cd4d5a74f45] o.s.api.AbstractOpenApiResource - Init duration for springdoc-openapi is: 831 ms
2026-06-17 06:36:41.453 [http-nio-8080-exec-9] DEBUG [8a545cd4d5a74f45] o.s.w.s.m.m.a.RequestResponseBodyMethodProcessor - Using 'application/json', given [application/json, */*] and supported [application/json]
2026-06-17 06:36:41.457 [http-nio-8080-exec-9] DEBUG [8a545cd4d5a74f45] o.s.w.s.m.m.a.RequestResponseBodyMethodProcessor - Writing [{123, 34, 111, 112, 101, 110, 97, 112, 105, 34, 58, 34, 51, 46, 48, 46, 49, 34, 44, 34, 105, 110, 10 (truncated)...]
2026-06-17 06:36:41.459 [http-nio-8080-exec-9] DEBUG [8a545cd4d5a74f45] o.s.web.servlet.DispatcherServlet - Completed 200 OK
2026-06-17 06:36:42.028 [AsyncReporter{org.springframework.boot.actuate.autoconfigure.tracing.zipkin.ZipkinRestTemplateSender@58058586}] DEBUG [] o.s.web.client.RestTemplate - HTTP POST http://localhost:9411/api/v2/spans
2026-06-17 06:36:42.029 [AsyncReporter{org.springframework.boot.actuate.autoconfigure.tracing.zipkin.ZipkinRestTemplateSender@58058586}] DEBUG [] o.s.web.client.RestTemplate - Accept=[application/json, application/*+json]
2026-06-17 06:36:42.033 [AsyncReporter{org.springframework.boot.actuate.autoconfigure.tracing.zipkin.ZipkinRestTemplateSender@58058586}] DEBUG [] o.s.web.client.RestTemplate - Writing [[B@56dfc2a] as "application/json"
2026-06-17 06:47:07.500 [http-nio-8080-exec-3] DEBUG [] o.s.security.web.FilterChainProxy - Securing GET /swagger-ui/index.html
2026-06-17 06:47:07.502 [http-nio-8080-exec-3] WARN  [] c.d.d.s.JwtAuthenticationFilter - JWT Token não começa com Bearer String
2026-06-17 06:47:07.504 [http-nio-8080-exec-3] DEBUG [] o.s.s.w.a.AnonymousAuthenticationFilter - Set SecurityContextHolder to anonymous SecurityContext
2026-06-17 06:47:07.510 [http-nio-8080-exec-3] DEBUG [] o.s.security.web.FilterChainProxy - Secured GET /swagger-ui/index.html
2026-06-17 06:47:07.511 [http-nio-8080-exec-3] DEBUG [bb046c8841df4cd5] o.s.web.servlet.DispatcherServlet - GET "/swagger-ui/index.html", parameters={}
2026-06-17 06:47:07.513 [http-nio-8080-exec-3] DEBUG [bb046c8841df4cd5] o.s.w.s.h.SimpleUrlHandlerMapping - Mapped to ResourceHttpRequestHandler [classpath [META-INF/resources/webjars/]]
2026-06-17 06:47:07.525 [http-nio-8080-exec-3] DEBUG [bb046c8841df4cd5] o.s.web.servlet.DispatcherServlet - Completed 200 OK
2026-06-17 06:47:07.561 [AsyncReporter{org.springframework.boot.actuate.autoconfigure.tracing.zipkin.ZipkinRestTemplateSender@58058586}] DEBUG [] o.s.web.client.RestTemplate - HTTP POST http://localhost:9411/api/v2/spans
2026-06-17 06:47:07.562 [AsyncReporter{org.springframework.boot.actuate.autoconfigure.tracing.zipkin.ZipkinRestTemplateSender@58058586}] DEBUG [] o.s.web.client.RestTemplate - Accept=[application/json, application/*+json]
2026-06-17 06:47:07.564 [AsyncReporter{org.springframework.boot.actuate.autoconfigure.tracing.zipkin.ZipkinRestTemplateSender@58058586}] DEBUG [] o.s.web.client.RestTemplate - Writing [[B@24daa69e] as "application/json"
2026-06-17 06:47:07.570 [http-nio-8080-exec-4] DEBUG [] o.s.security.web.FilterChainProxy - Securing GET /swagger-ui/swagger-ui.css
2026-06-17 06:47:07.572 [http-nio-8080-exec-4] WARN  [] c.d.d.s.JwtAuthenticationFilter - JWT Token não começa com Bearer String
2026-06-17 06:47:07.572 [http-nio-8080-exec-4] DEBUG [] o.s.s.w.a.AnonymousAuthenticationFilter - Set SecurityContextHolder to anonymous SecurityContext
2026-06-17 06:47:07.575 [http-nio-8080-exec-4] DEBUG [] o.s.security.web.FilterChainProxy - Secured GET /swagger-ui/swagger-ui.css
2026-06-17 06:47:07.575 [http-nio-8080-exec-4] DEBUG [97c1b473ef3f49a4] o.s.web.servlet.DispatcherServlet - GET "/swagger-ui/swagger-ui.css", parameters={}
2026-06-17 06:47:07.576 [http-nio-8080-exec-4] DEBUG [97c1b473ef3f49a4] o.s.w.s.h.SimpleUrlHandlerMapping - Mapped to ResourceHttpRequestHandler [classpath [META-INF/resources/webjars/]]
2026-06-17 06:47:07.584 [http-nio-8080-exec-4] DEBUG [97c1b473ef3f49a4] o.s.web.servlet.DispatcherServlet - Completed 200 OK
2026-06-17 06:47:07.644 [http-nio-8080-exec-5] DEBUG [] o.s.security.web.FilterChainProxy - Securing GET /swagger-ui/index.css
2026-06-17 06:47:07.644 [http-nio-8080-exec-7] DEBUG [] o.s.security.web.FilterChainProxy - Securing GET /swagger-ui/swagger-ui-bundle.js
2026-06-17 06:47:07.645 [http-nio-8080-exec-5] WARN  [] c.d.d.s.JwtAuthenticationFilter - JWT Token não começa com Bearer String
2026-06-17 06:47:07.648 [http-nio-8080-exec-5] DEBUG [] o.s.s.w.a.AnonymousAuthenticationFilter - Set SecurityContextHolder to anonymous SecurityContext
2026-06-17 06:47:07.648 [http-nio-8080-exec-7] WARN  [] c.d.d.s.JwtAuthenticationFilter - JWT Token não começa com Bearer String
2026-06-17 06:47:07.654 [http-nio-8080-exec-7] DEBUG [] o.s.s.w.a.AnonymousAuthenticationFilter - Set SecurityContextHolder to anonymous SecurityContext
2026-06-17 06:47:07.655 [http-nio-8080-exec-5] DEBUG [] o.s.security.web.FilterChainProxy - Secured GET /swagger-ui/index.css
2026-06-17 06:47:07.655 [http-nio-8080-exec-5] DEBUG [3dc33ae9ac9a4d4b] o.s.web.servlet.DispatcherServlet - GET "/swagger-ui/index.css", parameters={}
2026-06-17 06:47:07.656 [http-nio-8080-exec-7] DEBUG [] o.s.security.web.FilterChainProxy - Secured GET /swagger-ui/swagger-ui-bundle.js
2026-06-17 06:47:07.656 [http-nio-8080-exec-5] DEBUG [3dc33ae9ac9a4d4b] o.s.w.s.h.SimpleUrlHandlerMapping - Mapped to ResourceHttpRequestHandler [classpath [META-INF/resources/webjars/]]
2026-06-17 06:47:07.659 [http-nio-8080-exec-7] DEBUG [4ebeb185e7fb429b] o.s.web.servlet.DispatcherServlet - GET "/swagger-ui/swagger-ui-bundle.js", parameters={}
2026-06-17 06:47:07.666 [http-nio-8080-exec-7] DEBUG [4ebeb185e7fb429b] o.s.w.s.h.SimpleUrlHandlerMapping - Mapped to ResourceHttpRequestHandler [classpath [META-INF/resources/webjars/]]
2026-06-17 06:47:07.668 [http-nio-8080-exec-5] DEBUG [3dc33ae9ac9a4d4b] o.s.web.servlet.DispatcherServlet - Completed 200 OK
2026-06-17 06:47:07.690 [http-nio-8080-exec-7] DEBUG [4ebeb185e7fb429b] o.s.web.servlet.DispatcherServlet - Completed 200 OK
2026-06-17 06:47:07.776 [http-nio-8080-exec-10] DEBUG [] o.s.security.web.FilterChainProxy - Securing GET /swagger-ui/swagger-ui-standalone-preset.js
2026-06-17 06:47:07.777 [http-nio-8080-exec-10] WARN  [] c.d.d.s.JwtAuthenticationFilter - JWT Token não começa com Bearer String
2026-06-17 06:47:07.780 [http-nio-8080-exec-10] DEBUG [] o.s.s.w.a.AnonymousAuthenticationFilter - Set SecurityContextHolder to anonymous SecurityContext
2026-06-17 06:47:07.783 [http-nio-8080-exec-6] DEBUG [] o.s.security.web.FilterChainProxy - Securing GET /swagger-ui/swagger-initializer.js
2026-06-17 06:47:07.785 [http-nio-8080-exec-6] WARN  [] c.d.d.s.JwtAuthenticationFilter - JWT Token não começa com Bearer String
2026-06-17 06:47:07.785 [http-nio-8080-exec-10] DEBUG [] o.s.security.web.FilterChainProxy - Secured GET /swagger-ui/swagger-ui-standalone-preset.js
2026-06-17 06:47:07.786 [http-nio-8080-exec-6] DEBUG [] o.s.s.w.a.AnonymousAuthenticationFilter - Set SecurityContextHolder to anonymous SecurityContext
2026-06-17 06:47:07.786 [http-nio-8080-exec-10] DEBUG [7d2929e3b2934c5b] o.s.web.servlet.DispatcherServlet - GET "/swagger-ui/swagger-ui-standalone-preset.js", parameters={}
2026-06-17 06:47:07.788 [http-nio-8080-exec-10] DEBUG [7d2929e3b2934c5b] o.s.w.s.h.SimpleUrlHandlerMapping - Mapped to ResourceHttpRequestHandler [classpath [META-INF/resources/webjars/]]
2026-06-17 06:47:07.788 [http-nio-8080-exec-6] DEBUG [] o.s.security.web.FilterChainProxy - Secured GET /swagger-ui/swagger-initializer.js
2026-06-17 06:47:07.789 [http-nio-8080-exec-6] DEBUG [d62acfbb8e4142fb] o.s.web.servlet.DispatcherServlet - GET "/swagger-ui/swagger-initializer.js", parameters={}
2026-06-17 06:47:07.790 [http-nio-8080-exec-6] DEBUG [d62acfbb8e4142fb] o.s.w.s.h.SimpleUrlHandlerMapping - Mapped to ResourceHttpRequestHandler [classpath [META-INF/resources/webjars/]]
2026-06-17 06:47:07.795 [http-nio-8080-exec-10] DEBUG [7d2929e3b2934c5b] o.s.web.servlet.DispatcherServlet - Completed 200 OK
2026-06-17 06:47:07.795 [http-nio-8080-exec-6] DEBUG [d62acfbb8e4142fb] o.s.web.servlet.DispatcherServlet - Completed 200 OK
2026-06-17 06:47:07.921 [http-nio-8080-exec-9] DEBUG [] o.s.security.web.FilterChainProxy - Securing GET /swagger-ui/favicon-32x32.png
2026-06-17 06:47:07.922 [http-nio-8080-exec-9] WARN  [] c.d.d.s.JwtAuthenticationFilter - JWT Token não começa com Bearer String
2026-06-17 06:47:07.924 [http-nio-8080-exec-9] DEBUG [] o.s.s.w.a.AnonymousAuthenticationFilter - Set SecurityContextHolder to anonymous SecurityContext
2026-06-17 06:47:07.926 [http-nio-8080-exec-9] DEBUG [] o.s.security.web.FilterChainProxy - Secured GET /swagger-ui/favicon-32x32.png
2026-06-17 06:47:07.929 [http-nio-8080-exec-9] DEBUG [de8e21ef499a4cd1] o.s.web.servlet.DispatcherServlet - GET "/swagger-ui/favicon-32x32.png", parameters={}
2026-06-17 06:47:07.930 [http-nio-8080-exec-9] DEBUG [de8e21ef499a4cd1] o.s.w.s.h.SimpleUrlHandlerMapping - Mapped to ResourceHttpRequestHandler [classpath [META-INF/resources/webjars/]]
2026-06-17 06:47:07.935 [http-nio-8080-exec-9] DEBUG [de8e21ef499a4cd1] o.s.web.servlet.DispatcherServlet - Completed 200 OK
2026-06-17 06:47:07.965 [http-nio-8080-exec-8] DEBUG [] o.s.security.web.FilterChainProxy - Securing GET /v3/api-docs/swagger-config
2026-06-17 06:47:07.966 [http-nio-8080-exec-8] WARN  [] c.d.d.s.JwtAuthenticationFilter - JWT Token não começa com Bearer String
2026-06-17 06:47:07.968 [http-nio-8080-exec-8] DEBUG [] o.s.s.w.a.AnonymousAuthenticationFilter - Set SecurityContextHolder to anonymous SecurityContext
2026-06-17 06:47:07.974 [http-nio-8080-exec-8] DEBUG [] o.s.security.web.FilterChainProxy - Secured GET /v3/api-docs/swagger-config
2026-06-17 06:47:07.975 [http-nio-8080-exec-1] DEBUG [] o.s.security.web.FilterChainProxy - Securing GET /swagger-ui/favicon-32x32.png
2026-06-17 06:47:07.976 [http-nio-8080-exec-8] DEBUG [01065d8fd6444e76] o.s.web.servlet.DispatcherServlet - GET "/v3/api-docs/swagger-config", parameters={}
2026-06-17 06:47:07.976 [http-nio-8080-exec-1] WARN  [] c.d.d.s.JwtAuthenticationFilter - JWT Token não começa com Bearer String
2026-06-17 06:47:07.977 [http-nio-8080-exec-8] DEBUG [01065d8fd6444e76] o.s.w.s.m.m.a.RequestMappingHandlerMapping - Mapped to org.springdoc.webmvc.ui.SwaggerConfigResource#openapiJson(HttpServletRequest)
2026-06-17 06:47:07.977 [http-nio-8080-exec-1] DEBUG [] o.s.s.w.a.AnonymousAuthenticationFilter - Set SecurityContextHolder to anonymous SecurityContext
2026-06-17 06:47:07.978 [http-nio-8080-exec-8] DEBUG [01065d8fd6444e76] o.s.w.s.m.m.a.RequestResponseBodyMethodProcessor - Using 'application/json', given [*/*] and supported [application/json]
2026-06-17 06:47:07.979 [http-nio-8080-exec-1] DEBUG [] o.s.security.web.FilterChainProxy - Secured GET /swagger-ui/favicon-32x32.png
2026-06-17 06:47:07.981 [http-nio-8080-exec-8] DEBUG [01065d8fd6444e76] o.s.w.s.m.m.a.RequestResponseBodyMethodProcessor - Writing [{configUrl=/v3/api-docs/swagger-config, oauth2RedirectUrl=http://localhost:8080/swagger-ui/oauth2-re (truncated)...]
2026-06-17 06:47:07.982 [http-nio-8080-exec-1] DEBUG [b14e887366d746e8] o.s.web.servlet.DispatcherServlet - GET "/swagger-ui/favicon-32x32.png", parameters={}
2026-06-17 06:47:07.983 [http-nio-8080-exec-8] DEBUG [01065d8fd6444e76] o.s.web.servlet.DispatcherServlet - Completed 200 OK
2026-06-17 06:47:07.983 [http-nio-8080-exec-1] DEBUG [b14e887366d746e8] o.s.w.s.h.SimpleUrlHandlerMapping - Mapped to ResourceHttpRequestHandler [classpath [META-INF/resources/webjars/]]
2026-06-17 06:47:07.987 [http-nio-8080-exec-1] DEBUG [b14e887366d746e8] o.s.web.servlet.DispatcherServlet - Completed 200 OK
2026-06-17 06:47:08.016 [http-nio-8080-exec-2] DEBUG [] o.s.security.web.FilterChainProxy - Securing GET /v3/api-docs
2026-06-17 06:47:08.017 [http-nio-8080-exec-2] WARN  [] c.d.d.s.JwtAuthenticationFilter - JWT Token não começa com Bearer String
2026-06-17 06:47:08.019 [http-nio-8080-exec-2] DEBUG [] o.s.s.w.a.AnonymousAuthenticationFilter - Set SecurityContextHolder to anonymous SecurityContext
2026-06-17 06:47:08.024 [http-nio-8080-exec-2] DEBUG [] o.s.security.web.FilterChainProxy - Secured GET /v3/api-docs
2026-06-17 06:47:08.026 [http-nio-8080-exec-2] DEBUG [18c89ac6592a433c] o.s.web.servlet.DispatcherServlet - GET "/v3/api-docs", parameters={}
2026-06-17 06:47:08.026 [http-nio-8080-exec-2] DEBUG [18c89ac6592a433c] o.s.w.s.m.m.a.RequestMappingHandlerMapping - Mapped to org.springdoc.webmvc.api.OpenApiWebMvcResource#openapiJson(HttpServletRequest, String, Locale)
2026-06-17 06:47:08.032 [http-nio-8080-exec-2] DEBUG [18c89ac6592a433c] o.s.w.s.m.m.a.RequestResponseBodyMethodProcessor - Using 'application/json', given [application/json, */*] and supported [application/json]
2026-06-17 06:47:08.035 [http-nio-8080-exec-2] DEBUG [18c89ac6592a433c] o.s.w.s.m.m.a.RequestResponseBodyMethodProcessor - Writing [{123, 34, 111, 112, 101, 110, 97, 112, 105, 34, 58, 34, 51, 46, 48, 46, 49, 34, 44, 34, 105, 110, 10 (truncated)...]
2026-06-17 06:47:08.037 [http-nio-8080-exec-2] DEBUG [18c89ac6592a433c] o.s.web.servlet.DispatcherServlet - Completed 200 OK
2026-06-17 06:47:08.576 [AsyncReporter{org.springframework.boot.actuate.autoconfigure.tracing.zipkin.ZipkinRestTemplateSender@58058586}] DEBUG [] o.s.web.client.RestTemplate - HTTP POST http://localhost:9411/api/v2/spans
2026-06-17 06:47:08.577 [AsyncReporter{org.springframework.boot.actuate.autoconfigure.tracing.zipkin.ZipkinRestTemplateSender@58058586}] DEBUG [] o.s.web.client.RestTemplate - Accept=[application/json, application/*+json]
2026-06-17 06:47:08.579 [AsyncReporter{org.springframework.boot.actuate.autoconfigure.tracing.zipkin.ZipkinRestTemplateSender@58058586}] DEBUG [] o.s.web.client.RestTemplate - Writing [[B@2ff3836d] as "application/json"
2026-06-17 06:51:52.673 [http-nio-8080-exec-5] DEBUG [] o.s.security.web.FilterChainProxy - Securing GET /h2-console
2026-06-17 06:51:52.675 [http-nio-8080-exec-5] WARN  [] c.d.d.s.JwtAuthenticationFilter - JWT Token não começa com Bearer String
2026-06-17 06:51:52.678 [http-nio-8080-exec-5] DEBUG [] o.s.s.w.a.AnonymousAuthenticationFilter - Set SecurityContextHolder to anonymous SecurityContext
2026-06-17 06:51:52.681 [http-nio-8080-exec-5] DEBUG [] o.s.security.web.FilterChainProxy - Secured GET /h2-console
2026-06-17 06:51:52.693 [http-nio-8080-exec-7] DEBUG [] o.s.security.web.FilterChainProxy - Securing GET /h2-console/
2026-06-17 06:51:52.694 [http-nio-8080-exec-7] WARN  [] c.d.d.s.JwtAuthenticationFilter - JWT Token não começa com Bearer String
2026-06-17 06:51:52.695 [http-nio-8080-exec-7] DEBUG [] o.s.s.w.a.AnonymousAuthenticationFilter - Set SecurityContextHolder to anonymous SecurityContext
2026-06-17 06:51:52.697 [http-nio-8080-exec-7] DEBUG [] o.s.security.web.FilterChainProxy - Secured GET /h2-console/
2026-06-17 06:51:52.770 [http-nio-8080-exec-10] DEBUG [] o.s.security.web.FilterChainProxy - Securing GET /h2-console/stylesheet.css
2026-06-17 06:51:52.773 [http-nio-8080-exec-10] WARN  [] c.d.d.s.JwtAuthenticationFilter - JWT Token não começa com Bearer String
2026-06-17 06:51:52.776 [http-nio-8080-exec-10] DEBUG [] o.s.s.w.a.AnonymousAuthenticationFilter - Set SecurityContextHolder to anonymous SecurityContext
2026-06-17 06:51:52.786 [http-nio-8080-exec-10] DEBUG [] o.s.security.web.FilterChainProxy - Secured GET /h2-console/stylesheet.css
2026-06-17 06:51:52.984 [http-nio-8080-exec-6] DEBUG [] o.s.security.web.FilterChainProxy - Securing GET /h2-console/login.jsp?jsessionid=233f6a82ba82b9020c43d1e4fde49ae6
2026-06-17 06:51:52.985 [http-nio-8080-exec-6] WARN  [] c.d.d.s.JwtAuthenticationFilter - JWT Token não começa com Bearer String
2026-06-17 06:51:52.987 [http-nio-8080-exec-6] DEBUG [] o.s.s.w.a.AnonymousAuthenticationFilter - Set SecurityContextHolder to anonymous SecurityContext
2026-06-17 06:51:52.994 [http-nio-8080-exec-6] DEBUG [] o.s.security.web.FilterChainProxy - Secured GET /h2-console/login.jsp?jsessionid=233f6a82ba82b9020c43d1e4fde49ae6
2026-06-17 06:51:53.063 [http-nio-8080-exec-9] DEBUG [] o.s.security.web.FilterChainProxy - Securing GET /h2-console/background.gif
2026-06-17 06:51:53.064 [http-nio-8080-exec-9] WARN  [] c.d.d.s.JwtAuthenticationFilter - JWT Token não começa com Bearer String
2026-06-17 06:51:53.065 [http-nio-8080-exec-9] DEBUG [] o.s.s.w.a.AnonymousAuthenticationFilter - Set SecurityContextHolder to anonymous SecurityContext
2026-06-17 06:51:53.071 [http-nio-8080-exec-9] DEBUG [] o.s.security.web.FilterChainProxy - Secured GET /h2-console/background.gif
2026-06-17 06:51:53.427 [http-nio-8080-exec-8] DEBUG [] o.s.security.web.FilterChainProxy - Securing GET /favicon.ico
2026-06-17 06:51:53.428 [http-nio-8080-exec-8] WARN  [] c.d.d.s.JwtAuthenticationFilter - JWT Token não começa com Bearer String
2026-06-17 06:51:53.430 [http-nio-8080-exec-8] DEBUG [] o.s.s.w.a.AnonymousAuthenticationFilter - Set SecurityContextHolder to anonymous SecurityContext
2026-06-17 06:51:53.431 [http-nio-8080-exec-8] DEBUG [] o.s.security.web.FilterChainProxy - Secured GET /favicon.ico
2026-06-17 06:51:53.436 [http-nio-8080-exec-8] DEBUG [e4e977e7f0bc43dd] o.s.web.servlet.DispatcherServlet - GET "/favicon.ico", parameters={}
2026-06-17 06:51:53.436 [http-nio-8080-exec-8] DEBUG [e4e977e7f0bc43dd] o.s.w.s.h.SimpleUrlHandlerMapping - Mapped to ResourceHttpRequestHandler [classpath [META-INF/resources/], classpath [resources/], classpath [static/], classpath [public/], ServletContext [/]]
2026-06-17 06:51:53.441 [http-nio-8080-exec-8] DEBUG [e4e977e7f0bc43dd] o.s.w.s.r.ResourceHttpRequestHandler - Resource not found
2026-06-17 06:51:53.445 [http-nio-8080-exec-8] DEBUG [e4e977e7f0bc43dd] o.s.w.s.m.m.a.ExceptionHandlerExceptionResolver - Using @ExceptionHandler com.deliverytech.deliverytech_fat.exception.GlobalExceptionHandler#handleGenericException(Exception, HttpServletRequest)
2026-06-17 06:51:53.452 [http-nio-8080-exec-8] DEBUG [e4e977e7f0bc43dd] o.s.w.s.m.m.a.HttpEntityMethodProcessor - Using 'application/json;q=0.8', given [image/avif, image/webp, image/apng, image/svg+xml, image/*, */*;q=0.8] and supported [application/json, application/*+json]
2026-06-17 06:51:53.453 [http-nio-8080-exec-8] DEBUG [e4e977e7f0bc43dd] o.s.w.s.m.m.a.HttpEntityMethodProcessor - Writing [com.deliverytech.deliverytech_fat.dto.ErrorResponse@35bf9509]
2026-06-17 06:51:53.456 [http-nio-8080-exec-8] WARN  [e4e977e7f0bc43dd] o.s.w.s.m.m.a.ExceptionHandlerExceptionResolver - Resolved [org.springframework.web.servlet.resource.NoResourceFoundException: No static resource favicon.ico.]
2026-06-17 06:51:53.457 [http-nio-8080-exec-8] DEBUG [e4e977e7f0bc43dd] o.s.web.servlet.DispatcherServlet - Completed 500 INTERNAL_SERVER_ERROR
2026-06-17 06:51:53.614 [AsyncReporter{org.springframework.boot.actuate.autoconfigure.tracing.zipkin.ZipkinRestTemplateSender@58058586}] DEBUG [] o.s.web.client.RestTemplate - HTTP POST http://localhost:9411/api/v2/spans
2026-06-17 06:51:53.615 [AsyncReporter{org.springframework.boot.actuate.autoconfigure.tracing.zipkin.ZipkinRestTemplateSender@58058586}] DEBUG [] o.s.web.client.RestTemplate - Accept=[application/json, application/*+json]
2026-06-17 06:51:53.618 [AsyncReporter{org.springframework.boot.actuate.autoconfigure.tracing.zipkin.ZipkinRestTemplateSender@58058586}] DEBUG [] o.s.web.client.RestTemplate - Writing [[B@553fe1d8] as "application/json"
